  TRACE: /Tutorial/ProcessModel : Acknowledge OK - command Freeze (2025-03-17 10:32:15.283)
  TRACE: /Tutorial : Acknowledge OK - command Freeze (2025-03-17 10:32:15.284)
  TRACE: /Tutorial : Executing command Shutdown (2025-03-17 10:34:56.774)
  TRACE: /Tutorial : Executing command Deactivate (2025-03-17 10:34:56.774)
  TRACE: /Tutorial/ProcessModel : Executing command Deactivate (2025-03-17 10:34:56.775)
  INFO: Partner application "/Explorers/Explorer_5" disconnected. (2025-03-17 10:34:56.775)
  INFO: Partner application "/Tutorial/ProcessModel" disconnected. (2025-03-17 10:34:56.776)
  TRACE: /Tutorial/ProcessModel : Acknowledge OK - command Deactivate (2025-03-17 10:34:56.777)
  TRACE: /Tutorial : Acknowledge OK - command Deactivate (2025-03-17 10:34:56.778)
  TRACE: /Tutorial : Acknowledge OK - command Shutdown (2025-03-17 10:34:56.778)
  INFO: Terminated /Tutorial. (2025-03-17 10:34:56.779)
  TRACE: /Tutorial/ProcessModel : Executing command Deactivate (2025-03-17 10:34:56.779)
  TRACE: /Tutorial/ProcessModel : Acknowledge OK - command Deactivate (2025-03-17 10:34:56.780)
  INFO: Opened project : DemoProject (2025-03-17 10:35:09.031)
  INFO: Project directory : C:\K-Spice-Projects\DemoProject (2025-03-17 10:35:09.033)
  TRACE: /Tutorial : Executing command Activate (2025-03-17 10:35:09.048)
  TRACE: /Tutorial/ProcessModel : Executing command Activate (2025-03-17 10:35:09.049)
  INFO: Partner application "/Explorers/Explorer_4" connected. (2025-03-17 10:35:09.085)
  INFO: Partner application "/Explorers/Explorer_4" disconnected. (2025-03-17 10:35:09.106)
  INFO: Partner application "/Explorers/Explorer_5" connected. (2025-03-17 10:35:09.241)
  INFO: Partner application "/Tutorial/ProcessModel" connected. (2025-03-17 10:35:09.618)
  TRACE: /Tutorial/ProcessModel : Acknowledge OK - command Activate (2025-03-17 10:35:09.619)
  TRACE: /Tutorial : Acknowledge OK - command Activate (2025-03-17 10:35:09.619)
  TRACE: /Tutorial : Executing command UpdateUnits (2025-03-17 10:35:09.621)
  TRACE: /Tutorial/ProcessModel : Executing command UpdateUnits (2025-03-17 10:35:09.622)
  TRACE: /Tutorial/ProcessModel : Acknowledge OK - command UpdateUnits (2025-03-17 10:35:09.666)
  TRACE: /Tutorial : Acknowledge OK - command UpdateUnits (2025-03-17 10:35:09.667)
  TRACE: /Tutorial : Executing command SetExecutionMode (2025-03-17 10:35:09.667)
  TRACE: /Tutorial/ProcessModel : Executing command SetExecutionMode (2025-03-17 10:35:09.668)
  TRACE: /Tutorial/ProcessModel : Acknowledge OK - command SetExecutionMode (2025-03-17 10:35:09.669)
  TRACE: /Tutorial : Acknowledge OK - command SetExecutionMode (2025-03-17 10:35:09.669)
  TRACE: /Tutorial : Executing command LoadConfig (2025-03-17 10:35:09.670)
  INFO: /Tutorial : Loading model file "KSpiceTutorial Model". (2025-03-17 10:35:09.670)
  TRACE: /Tutorial/ProcessModel : Executing command LoadConfig (2025-03-17 10:35:09.670)
  TRACE: /Tutorial/ProcessModel : Acknowledge OK - command LoadConfig (2025-03-17 10:35:09.759)
  TRACE: /Tutorial : Executing command NamespaceRequest (2025-03-17 10:35:09.759)
  TRACE: /Tutorial/ProcessModel : Executing command NamespaceRequest (2025-03-17 10:35:09.760)
  TRACE: /Tutorial/ProcessModel : Acknowledge OK - command NamespaceRequest (2025-03-17 10:35:09.761)
  TRACE: /Tutorial : Acknowledge OK - command NamespaceRequest (2025-03-17 10:35:09.762)
  TRACE: /Tutorial : Executing command NamespaceReady (2025-03-17 10:35:09.763)
  TRACE: /Tutorial/ProcessModel : Executing command NamespaceReady (2025-03-17 10:35:09.763)
  TRACE: /Tutorial/ProcessModel : Acknowledge OK - command NamespaceReady (2025-03-17 10:35:09.764)
  TRACE: /Tutorial : Acknowledge OK - command NamespaceReady (2025-03-17 10:35:09.765)
  TRACE: /Tutorial : Acknowledge OK - command LoadConfig (2025-03-17 10:35:09.765)
  TRACE: /Tutorial : Executing command LoadFile (2025-03-17 10:35:09.766)
  INFO: /Tutorial : Loading parameter file "KSpiceTutorial Model". (2025-03-17 10:35:09.766)
  TRACE: /Tutorial/ProcessModel : Executing command LoadFile (2025-03-17 10:35:09.767)
  TRACE: /Tutorial/ProcessModel : Acknowledge OK - command LoadFile (2025-03-17 10:35:09.786)
  TRACE: /Tutorial : Acknowledge OK - command LoadFile (2025-03-17 10:35:09.787)
  TRACE: /Tutorial : Executing command LoadFile (2025-03-17 10:35:09.787)
  INFO: /Tutorial : Loading initial condition file "KSpiceTutorial Model". (2025-03-17 10:35:09.788)
  TRACE: /Tutorial/ProcessModel : Executing command LoadFile (2025-03-17 10:35:09.789)
  TRACE: /Tutorial/ProcessModel : Acknowledge OK - command LoadFile (2025-03-17 10:35:09.851)
  TRACE: /Tutorial : Executing command SetTime (2025-03-17 10:35:09.851)
  TRACE: /Tutorial/ProcessModel : Executing command SetTime (2025-03-17 10:35:09.852)
  TRACE: /Tutorial/ProcessModel : Acknowledge OK - command SetTime (2025-03-17 10:35:09.853)
  TRACE: /Tutorial : Executing command Speed (2025-03-17 10:35:09.854)
  TRACE: /Tutorial/ProcessModel : Executing command Speed (2025-03-17 10:35:09.854)
  TRACE: /Tutorial/ProcessModel : Acknowledge OK - command Speed (2025-03-17 10:35:09.855)
  TRACE: /Tutorial : Acknowledge OK - command Speed (2025-03-17 10:35:09.856)
  TRACE: /Tutorial : Acknowledge OK - command SetTime (2025-03-17 10:35:09.857)
  TRACE: /Tutorial : Executing command CreateSubscriptions (2025-03-17 10:35:09.857)
  TRACE: /Tutorial/ProcessModel : Executing command CreateSubscriptions (2025-03-17 10:35:09.858)
  TRACE: /Tutorial/ProcessModel : Acknowledge OK - command CreateSubscriptions (2025-03-17 10:35:09.858)
  TRACE: /Tutorial : Acknowledge OK - command CreateSubscriptions (2025-03-17 10:35:09.859)
  TRACE: /Tutorial : Acknowledge OK - command LoadFile (2025-03-17 10:35:09.859)
  TRACE: /Tutorial : Executing command Initialize (2025-03-17 10:35:09.860)
  TRACE: /Tutorial/ProcessModel : Executing command Initialize (2025-03-17 10:35:09.860)
  TRACE: /Tutorial/ProcessModel : Acknowledge OK - command Initialize (2025-03-17 10:35:10.381)
  TRACE: /Tutorial : Acknowledge OK - command Initialize (2025-03-17 10:35:10.382)
  TRACE: /Tutorial : Executing command Run (2025-03-17 10:35:10.383)
  TRACE: /Tutorial/ProcessModel : Executing command Run (2025-03-17 10:35:10.383)
  TRACE: /Tutorial/ProcessModel : Acknowledge OK - command Run (2025-03-17 10:35:10.384)
  TRACE: /Tutorial : Acknowledge OK - command Run (2025-03-17 10:35:10.385)
  TRACE: /Tutorial : Executing command Freeze (2025-03-17 10:36:37.410)
  TRACE: /Tutorial/ProcessModel : Executing command Freeze (2025-03-17 10:36:37.410)
  TRACE: /Tutorial/ProcessModel : Acknowledge OK - command Freeze (2025-03-17 10:36:37.411)
  TRACE: /Tutorial : Acknowledge OK - command Freeze (2025-03-17 10:36:37.412)
  TRACE: /Tutorial : Executing command Run (2025-03-17 10:38:59.873)
  TRACE: /Tutorial/ProcessModel : Executing command Run (2025-03-17 10:38:59.874)
  TRACE: /Tutorial/ProcessModel : Acknowledge OK - command Run (2025-03-17 10:38:59.875)
  TRACE: /Tutorial : Acknowledge OK - command Run (2025-03-17 10:38:59.876)
  TRACE: /Tutorial : Executing command Freeze (2025-03-17 10:39:30.152)
  TRACE: /Tutorial/ProcessModel : Executing command Freeze (2025-03-17 10:39:30.153)
  TRACE: /Tutorial/ProcessModel : Acknowledge OK - command Freeze (2025-03-17 10:39:30.154)
  TRACE: /Tutorial : Acknowledge OK - command Freeze (2025-03-17 10:39:30.155)
  TRACE: /Tutorial : Executing command Run (2025-03-17 10:41:52.401)
  TRACE: /Tutorial/ProcessModel : Executing command Run (2025-03-17 10:41:52.402)
  TRACE: /Tutorial/ProcessModel : Acknowledge OK - command Run (2025-03-17 10:41:52.403)
  TRACE: /Tutorial : Acknowledge OK - command Run (2025-03-17 10:41:52.404)
  TRACE: /Tutorial : Executing command Freeze (2025-03-17 10:49:14.762)
  TRACE: /Tutorial/ProcessModel : Executing command Freeze (2025-03-17 10:49:14.762)
  TRACE: /Tutorial/ProcessModel : Acknowledge OK - command Freeze (2025-03-17 10:49:14.763)
  TRACE: /Tutorial : Acknowledge OK - command Freeze (2025-03-17 10:49:14.764)
  TRACE: /Tutorial : Executing command SaveFile (2025-03-17 10:50:59.790)
  INFO: /Tutorial : Saving initial condition file "Course_250317". (2025-03-17 10:50:59.790)
  TRACE: /Tutorial/ProcessModel : Executing command SaveFile (2025-03-17 10:50:59.791)
  TRACE: /Tutorial/ProcessModel : Acknowledge OK - command SaveFile (2025-03-17 10:50:59.839)
  TRACE: /Tutorial : Acknowledge OK - command SaveFile (2025-03-17 10:50:59.840)
  TRACE: /Tutorial : Executing command LoadFile (2025-03-17 10:54:14.324)
  INFO: /Tutorial : Loading initial condition file "KSpiceTutorial Model". (2025-03-17 10:54:14.325)
  TRACE: /Tutorial/ProcessModel : Executing command LoadFile (2025-03-17 10:54:14.325)
  TRACE: /Tutorial/ProcessModel : Acknowledge OK - command LoadFile (2025-03-17 10:54:14.403)
  TRACE: /Tutorial : Executing command SetTime (2025-03-17 10:54:14.404)
  TRACE: /Tutorial/ProcessModel : Executing command SetTime (2025-03-17 10:54:14.404)
  TRACE: /Tutorial/ProcessModel : Acknowledge OK - command SetTime (2025-03-17 10:54:14.424)
  TRACE: /Tutorial : Executing command Speed (2025-03-17 10:54:14.425)
  TRACE: /Tutorial/ProcessModel : Executing command Speed (2025-03-17 10:54:14.425)
  TRACE: /Tutorial/ProcessModel : Acknowledge OK - command Speed (2025-03-17 10:54:14.439)
  TRACE: /Tutorial : Acknowledge OK - command Speed (2025-03-17 10:54:14.439)
  TRACE: /Tutorial : Acknowledge OK - command SetTime (2025-03-17 10:54:14.440)
  TRACE: /Tutorial : Acknowledge OK - command LoadFile (2025-03-17 10:54:14.440)
  TRACE: /Tutorial : Executing command Run (2025-03-17 10:54:22.480)
  TRACE: /Tutorial : Executing command Initialize (2025-03-17 10:54:22.481)
  TRACE: /Tutorial/ProcessModel : Executing command Initialize (2025-03-17 10:54:22.481)
  TRACE: /Tutorial/ProcessModel : Acknowledge OK - command Initialize (2025-03-17 10:54:22.530)
  TRACE: /Tutorial : Acknowledge OK - command Initialize (2025-03-17 10:54:22.531)
  TRACE: /Tutorial/ProcessModel : Executing command Run (2025-03-17 10:54:22.532)
  TRACE: /Tutorial/ProcessModel : Acknowledge OK - command Run (2025-03-17 10:54:22.532)
  TRACE: /Tutorial : Acknowledge OK - command Run (2025-03-17 10:54:22.533)
  TRACE: /Tutorial : Executing command Freeze (2025-03-17 10:54:22.535)
  TRACE: /Tutorial/ProcessModel : Executing command Freeze (2025-03-17 10:54:22.536)
  TRACE: /Tutorial/ProcessModel : Acknowledge OK - command Freeze (2025-03-17 10:54:22.537)
  TRACE: /Tutorial : Acknowledge OK - command Freeze (2025-03-17 10:54:22.537)
  TRACE: /Tutorial : Executing command LoadFile (2025-03-17 10:54:58.523)
  INFO: /Tutorial : Loading initial condition file "Course_250317". (2025-03-17 10:54:58.524)
  TRACE: /Tutorial/ProcessModel : Executing command LoadFile (2025-03-17 10:54:58.525)
  TRACE: /Tutorial/ProcessModel : Acknowledge OK - command LoadFile (2025-03-17 10:54:58.586)
  TRACE: /Tutorial : Executing command SetTime (2025-03-17 10:54:58.587)
  TRACE: /Tutorial/ProcessModel : Executing command SetTime (2025-03-17 10:54:58.587)
  TRACE: /Tutorial/ProcessModel : Acknowledge OK - command SetTime (2025-03-17 10:54:58.588)
  TRACE: /Tutorial : Executing command Speed (2025-03-17 10:54:58.589)
  TRACE: /Tutorial/ProcessModel : Executing command Speed (2025-03-17 10:54:58.590)
  TRACE: /Tutorial/ProcessModel : Acknowledge OK - command Speed (2025-03-17 10:54:58.591)
  TRACE: /Tutorial : Acknowledge OK - command Speed (2025-03-17 10:54:58.591)
  TRACE: /Tutorial : Acknowledge OK - command SetTime (2025-03-17 10:54:58.592)
  TRACE: /Tutorial : Acknowledge OK - command LoadFile (2025-03-17 10:54:58.593)
  TRACE: /Tutorial : Executing command Run (2025-03-17 10:55:02.630)
  TRACE: /Tutorial : Executing command Initialize (2025-03-17 10:55:02.630)
  TRACE: /Tutorial/ProcessModel : Executing command Initialize (2025-03-17 10:55:02.632)
  TRACE: /Tutorial/ProcessModel : Acknowledge OK - command Initialize (2025-03-17 10:55:02.681)
  TRACE: /Tutorial : Acknowledge OK - command Initialize (2025-03-17 10:55:02.682)
  TRACE: /Tutorial/ProcessModel : Executing command Run (2025-03-17 10:55:02.684)
  TRACE: /Tutorial/ProcessModel : Acknowledge OK - command Run (2025-03-17 10:55:02.685)
  TRACE: /Tutorial : Acknowledge OK - command Run (2025-03-17 10:55:02.685)
  TRACE: /Tutorial : Executing command Freeze (2025-03-17 10:55:02.688)
  TRACE: /Tutorial/ProcessModel : Executing command Freeze (2025-03-17 10:55:02.689)
  TRACE: /Tutorial/ProcessModel : Acknowledge OK - command Freeze (2025-03-17 10:55:02.690)
  TRACE: /Tutorial : Acknowledge OK - command Freeze (2025-03-17 10:55:02.691)
  TRACE: /Tutorial : Executing command SaveFile (2025-03-17 11:57:35.989)
  ERROR: "/Tutorial" could not save "KSpiceTutorial Model". Write protected. (2025-03-17 11:57:35.990)
  TRACE: /Tutorial : Executing command Shutdown (2025-03-17 12:01:35.074)
  TRACE: /Tutorial : Executing command Deactivate (2025-03-17 12:01:35.074)
  TRACE: /Tutorial/ProcessModel : Executing command Deactivate (2025-03-17 12:01:35.074)
  INFO: Partner application "/Tutorial/ProcessModel" disconnected. (2025-03-17 12:01:35.076)
  TRACE: /Tutorial/ProcessModel : Acknowledge OK - command Deactivate (2025-03-17 12:01:35.077)
  TRACE: /Tutorial : Acknowledge OK - command Deactivate (2025-03-17 12:01:35.077)
  TRACE: /Tutorial : Acknowledge OK - command Shutdown (2025-03-17 12:01:35.078)
  INFO: Terminated /Tutorial. (2025-03-17 12:01:35.078)
  TRACE: /Tutorial/ProcessModel : Executing command Deactivate (2025-03-17 12:01:35.080)
  TRACE: /Tutorial/ProcessModel : Acknowledge OK - command Deactivate (2025-03-17 12:01:35.080)
  INFO: Opened project : DemoProject (2025-03-17 13:15:46.412)
  INFO: Project directory : C:\K-Spice-Projects\DemoProject (2025-03-17 13:15:46.423)
  INFO: Partner application "/Explorers/Explorer_2" connected. (2025-03-17 13:15:46.507)
  TRACE: /Tutorial : Executing command Activate (2025-03-17 13:15:46.508)
  TRACE: /Tutorial/ProcessModel : Executing command Activate (2025-03-17 13:15:46.509)
  INFO: Partner application "/Explorers/Explorer_2" disconnected. (2025-03-17 13:15:46.539)
  INFO: Partner application "/Explorers/Explorer_5" connected. (2025-03-17 13:15:46.710)
  INFO: Partner application "/Tutorial/ProcessModel" connected. (2025-03-17 13:15:47.226)
  TRACE: /Tutorial/ProcessModel : Acknowledge OK - command Activate (2025-03-17 13:15:47.227)
  TRACE: /Tutorial : Acknowledge OK - command Activate (2025-03-17 13:15:47.227)
  TRACE: /Tutorial : Executing command UpdateUnits (2025-03-17 13:15:47.229)
  TRACE: /Tutorial/ProcessModel : Executing command UpdateUnits (2025-03-17 13:15:47.230)
  TRACE: /Tutorial/ProcessModel : Acknowledge OK - command UpdateUnits (2025-03-17 13:15:47.284)
  TRACE: /Tutorial : Acknowledge OK - command UpdateUnits (2025-03-17 13:15:47.284)
  TRACE: /Tutorial : Executing command SetExecutionMode (2025-03-17 13:15:47.285)
  TRACE: /Tutorial/ProcessModel : Executing command SetExecutionMode (2025-03-17 13:15:47.285)
  TRACE: /Tutorial/ProcessModel : Acknowledge OK - command SetExecutionMode (2025-03-17 13:15:47.286)
  TRACE: /Tutorial : Acknowledge OK - command SetExecutionMode (2025-03-17 13:15:47.287)
  TRACE: /Tutorial : Executing command LoadConfig (2025-03-17 13:15:47.287)
  INFO: /Tutorial : Loading model file "KSpiceTutorial Model". (2025-03-17 13:15:47.288)
  TRACE: /Tutorial/ProcessModel : Executing command LoadConfig (2025-03-17 13:15:47.289)
  TRACE: /Tutorial/ProcessModel : Acknowledge OK - command LoadConfig (2025-03-17 13:15:47.416)
  TRACE: /Tutorial : Executing command NamespaceRequest (2025-03-17 13:15:47.417)
  TRACE: /Tutorial/ProcessModel : Executing command NamespaceRequest (2025-03-17 13:15:47.417)
  TRACE: /Tutorial/ProcessModel : Acknowledge OK - command NamespaceRequest (2025-03-17 13:15:47.419)
  TRACE: /Tutorial : Acknowledge OK - command NamespaceRequest (2025-03-17 13:15:47.419)
  TRACE: /Tutorial : Executing command NamespaceReady (2025-03-17 13:15:47.420)
  TRACE: /Tutorial/ProcessModel : Executing command NamespaceReady (2025-03-17 13:15:47.420)
  TRACE: /Tutorial/ProcessModel : Acknowledge OK - command NamespaceReady (2025-03-17 13:15:47.421)
  TRACE: /Tutorial : Acknowledge OK - command NamespaceReady (2025-03-17 13:15:47.422)
  TRACE: /Tutorial : Acknowledge OK - command LoadConfig (2025-03-17 13:15:47.422)
  TRACE: /Tutorial : Executing command LoadFile (2025-03-17 13:15:47.423)
  INFO: /Tutorial : Loading parameter file "KSpiceTutorial Model". (2025-03-17 13:15:47.423)
  TRACE: /Tutorial/ProcessModel : Executing command LoadFile (2025-03-17 13:15:47.424)
  TRACE: /Tutorial/ProcessModel : Acknowledge OK - command LoadFile (2025-03-17 13:15:47.462)
  TRACE: /Tutorial : Acknowledge OK - command LoadFile (2025-03-17 13:15:47.462)
  TRACE: /Tutorial : Executing command LoadFile (2025-03-17 13:15:47.463)
  INFO: /Tutorial : Loading initial condition file "KSpiceTutorial Model". (2025-03-17 13:15:47.463)
  TRACE: /Tutorial/ProcessModel : Executing command LoadFile (2025-03-17 13:15:47.464)
  TRACE: /Tutorial/ProcessModel : Acknowledge OK - command LoadFile (2025-03-17 13:15:47.543)
  TRACE: /Tutorial : Executing command SetTime (2025-03-17 13:15:47.544)
  TRACE: /Tutorial/ProcessModel : Executing command SetTime (2025-03-17 13:15:47.544)
  TRACE: /Tutorial/ProcessModel : Acknowledge OK - command SetTime (2025-03-17 13:15:47.553)
  TRACE: /Tutorial : Executing command Speed (2025-03-17 13:15:47.554)
  TRACE: /Tutorial/ProcessModel : Executing command Speed (2025-03-17 13:15:47.554)
  TRACE: /Tutorial/ProcessModel : Acknowledge OK - command Speed (2025-03-17 13:15:47.555)
  TRACE: /Tutorial : Acknowledge OK - command Speed (2025-03-17 13:15:47.556)
  TRACE: /Tutorial : Acknowledge OK - command SetTime (2025-03-17 13:15:47.556)
  TRACE: /Tutorial : Executing command CreateSubscriptions (2025-03-17 13:15:47.557)
  TRACE: /Tutorial/ProcessModel : Executing command CreateSubscriptions (2025-03-17 13:15:47.557)
  TRACE: /Tutorial/ProcessModel : Acknowledge OK - command CreateSubscriptions (2025-03-17 13:15:47.558)
  TRACE: /Tutorial : Acknowledge OK - command CreateSubscriptions (2025-03-17 13:15:47.558)
  TRACE: /Tutorial : Acknowledge OK - command LoadFile (2025-03-17 13:15:47.559)
  TRACE: /Tutorial : Executing command Initialize (2025-03-17 13:15:47.559)
  TRACE: /Tutorial/ProcessModel : Executing command Initialize (2025-03-17 13:15:47.560)
  TRACE: /Tutorial/ProcessModel : Acknowledge OK - command Initialize (2025-03-17 13:15:48.132)
  TRACE: /Tutorial : Acknowledge OK - command Initialize (2025-03-17 13:15:48.132)
  TRACE: /Tutorial : Executing command Run (2025-03-17 13:15:48.133)
  TRACE: /Tutorial/ProcessModel : Executing command Run (2025-03-17 13:15:48.133)
  TRACE: /Tutorial/ProcessModel : Acknowledge OK - command Run (2025-03-17 13:15:48.134)
  TRACE: /Tutorial : Acknowledge OK - command Run (2025-03-17 13:15:48.135)
  TRACE: /Tutorial : Executing command Freeze (2025-03-17 13:15:58.909)
  TRACE: /Tutorial/ProcessModel : Executing command Freeze (2025-03-17 13:15:58.909)
  TRACE: /Tutorial/ProcessModel : Acknowledge OK - command Freeze (2025-03-17 13:15:58.910)
  TRACE: /Tutorial : Acknowledge OK - command Freeze (2025-03-17 13:15:58.911)
  TRACE: /Tutorial : Executing command Run (2025-03-17 13:17:02.898)
  TRACE: /Tutorial/ProcessModel : Executing command Run (2025-03-17 13:17:02.899)
  TRACE: /Tutorial/ProcessModel : Acknowledge OK - command Run (2025-03-17 13:17:02.900)
  TRACE: /Tutorial : Acknowledge OK - command Run (2025-03-17 13:17:02.901)
  TRACE: /Tutorial : Executing command Speed (2025-03-17 13:17:22.189)
  TRACE: /Tutorial/ProcessModel : Executing command Speed (2025-03-17 13:17:22.190)
  TRACE: /Tutorial/ProcessModel : Acknowledge OK - command Speed (2025-03-17 13:17:22.191)
  TRACE: /Tutorial : Acknowledge OK - command Speed (2025-03-17 13:17:22.192)
  TRACE: /Tutorial : Executing command Speed (2025-03-17 13:17:32.427)
  TRACE: /Tutorial/ProcessModel : Executing command Speed (2025-03-17 13:17:32.428)
  TRACE: /Tutorial/ProcessModel : Acknowledge OK - command Speed (2025-03-17 13:17:32.430)
  TRACE: /Tutorial : Acknowledge OK - command Speed (2025-03-17 13:17:32.430)
  TRACE: /Tutorial : Executing command Speed (2025-03-17 13:18:22.373)
  TRACE: /Tutorial/ProcessModel : Executing command Speed (2025-03-17 13:18:22.373)
  TRACE: /Tutorial/ProcessModel : Acknowledge OK - command Speed (2025-03-17 13:18:22.374)
  TRACE: /Tutorial : Acknowledge OK - command Speed (2025-03-17 13:18:22.375)
  TRACE: /Tutorial : Executing command Speed (2025-03-17 13:18:35.192)
  TRACE: /Tutorial/ProcessModel : Executing command Speed (2025-03-17 13:18:35.193)
  TRACE: /Tutorial/ProcessModel : Acknowledge OK - command Speed (2025-03-17 13:18:35.194)
  TRACE: /Tutorial : Acknowledge OK - command Speed (2025-03-17 13:18:35.194)
  TRACE: /Tutorial : Executing command UpdateUnits (2025-03-17 13:19:29.853)
  TRACE: /Tutorial/ProcessModel : Executing command UpdateUnits (2025-03-17 13:19:29.854)
  TRACE: /Tutorial/ProcessModel : Acknowledge OK - command UpdateUnits (2025-03-17 13:19:29.858)
  TRACE: /Tutorial : Acknowledge OK - command UpdateUnits (2025-03-17 13:19:29.858)
  TRACE: /Tutorial : Executing command Speed (2025-03-17 13:21:37.662)
  TRACE: /Tutorial/ProcessModel : Executing command Speed (2025-03-17 13:21:37.663)
  TRACE: /Tutorial/ProcessModel : Acknowledge OK - command Speed (2025-03-17 13:21:37.663)
  TRACE: /Tutorial : Acknowledge OK - command Speed (2025-03-17 13:21:37.664)
  TRACE: /Tutorial : Executing command Speed (2025-03-17 13:26:24.279)
  TRACE: /Tutorial/ProcessModel : Executing command Speed (2025-03-17 13:26:24.280)
  TRACE: /Tutorial/ProcessModel : Acknowledge OK - command Speed (2025-03-17 13:26:24.281)
  TRACE: /Tutorial : Acknowledge OK - command Speed (2025-03-17 13:26:24.281)
  INFO: Partner application "/Explorers/MclManager_6" connected. (2025-03-17 13:30:25.343)
  INFO: Partner application "/Explorers/MclManager_6" disconnected. (2025-03-17 13:31:17.308)
  TRACE: /Tutorial : Executing command Freeze (2025-03-17 13:31:21.222)
  TRACE: /Tutorial/ProcessModel : Executing command Freeze (2025-03-17 13:31:21.223)
  TRACE: /Tutorial/ProcessModel : Acknowledge OK - command Freeze (2025-03-17 13:31:21.224)
  TRACE: /Tutorial : Acknowledge OK - command Freeze (2025-03-17 13:31:21.226)
  TRACE: /Tutorial : Executing command LoadFile (2025-03-17 13:31:25.667)
  INFO: /Tutorial : Loading initial condition file "KSpiceTutorial Model". (2025-03-17 13:31:25.668)
  TRACE: /Tutorial/ProcessModel : Executing command LoadFile (2025-03-17 13:31:25.668)
  TRACE: /Tutorial/ProcessModel : Acknowledge OK - command LoadFile (2025-03-17 13:31:25.754)
  TRACE: /Tutorial : Executing command SetTime (2025-03-17 13:31:25.755)
  TRACE: /Tutorial/ProcessModel : Executing command SetTime (2025-03-17 13:31:25.755)
  TRACE: /Tutorial/ProcessModel : Acknowledge OK - command SetTime (2025-03-17 13:31:25.756)
  TRACE: /Tutorial : Executing command Speed (2025-03-17 13:31:25.757)
  TRACE: /Tutorial/ProcessModel : Executing command Speed (2025-03-17 13:31:25.758)
  TRACE: /Tutorial/ProcessModel : Acknowledge OK - command Speed (2025-03-17 13:31:25.758)
  TRACE: /Tutorial : Acknowledge OK - command Speed (2025-03-17 13:31:25.759)
  TRACE: /Tutorial : Acknowledge OK - command SetTime (2025-03-17 13:31:25.759)
  TRACE: /Tutorial : Acknowledge OK - command LoadFile (2025-03-17 13:31:25.760)
  INFO: Partner application "/Explorers/Mcl_7" connected. (2025-03-17 13:32:06.198)
  TRACE: /Tutorial : Executing command Run (2025-03-17 13:32:09.138)
  TRACE: /Tutorial : Executing command Initialize (2025-03-17 13:32:09.138)
  TRACE: /Tutorial/ProcessModel : Executing command Initialize (2025-03-17 13:32:09.139)
  TRACE: /Tutorial/ProcessModel : Acknowledge OK - command Initialize (2025-03-17 13:32:09.193)
  TRACE: /Tutorial : Acknowledge OK - command Initialize (2025-03-17 13:32:09.194)
  TRACE: /Tutorial/ProcessModel : Executing command Run (2025-03-17 13:32:09.194)
  TRACE: /Tutorial/ProcessModel : Acknowledge OK - command Run (2025-03-17 13:32:09.196)
  TRACE: /Tutorial : Acknowledge OK - command Run (2025-03-17 13:32:09.197)
  TRACE: /Tutorial : Executing command Speed (2025-03-17 13:32:23.234)
  TRACE: /Tutorial/ProcessModel : Executing command Speed (2025-03-17 13:32:23.235)
  TRACE: /Tutorial/ProcessModel : Acknowledge OK - command Speed (2025-03-17 13:32:23.235)
  TRACE: /Tutorial : Acknowledge OK - command Speed (2025-03-17 13:32:23.236)
  INFO: Partner application "/Explorers/Mcl_7" disconnected. (2025-03-17 13:32:45.520)
  TRACE: /Tutorial : Executing command Freeze (2025-03-17 13:34:13.290)
  TRACE: /Tutorial/ProcessModel : Executing command Freeze (2025-03-17 13:34:13.291)
  TRACE: /Tutorial/ProcessModel : Acknowledge OK - command Freeze (2025-03-17 13:34:13.292)
  TRACE: /Tutorial : Acknowledge OK - command Freeze (2025-03-17 13:34:13.292)
  INFO: Partner application "/Explorers/MclManager_8" connected. (2025-03-17 13:34:20.533)
  INFO: Partner application "/Explorers/Mcl_9" connected. (2025-03-17 13:38:13.467)
  TRACE: /Tutorial : Executing command Run (2025-03-17 13:38:26.923)
  TRACE: /Tutorial/ProcessModel : Executing command Run (2025-03-17 13:38:26.923)
  TRACE: /Tutorial/ProcessModel : Acknowledge OK - command Run (2025-03-17 13:38:26.924)
  TRACE: /Tutorial : Acknowledge OK - command Run (2025-03-17 13:38:26.925)
  TRACE: /Tutorial : Executing command Freeze (2025-03-17 13:38:46.003)
  TRACE: /Tutorial/ProcessModel : Executing command Freeze (2025-03-17 13:38:46.004)
  TRACE: /Tutorial/ProcessModel : Acknowledge OK - command Freeze (2025-03-17 13:38:46.005)
  TRACE: /Tutorial : Acknowledge OK - command Freeze (2025-03-17 13:38:46.006)
  INFO: Partner application "/Explorers/Mcl_9" disconnected. (2025-03-17 13:38:57.147)
  TRACE: /Tutorial : Executing command LoadFile (2025-03-17 13:39:12.006)
  INFO: /Tutorial : Loading initial condition file "KSpiceTutorial Model". (2025-03-17 13:39:12.007)
  TRACE: /Tutorial/ProcessModel : Executing command LoadFile (2025-03-17 13:39:12.008)
  TRACE: /Tutorial/ProcessModel : Acknowledge OK - command LoadFile (2025-03-17 13:39:12.092)
  TRACE: /Tutorial : Executing command SetTime (2025-03-17 13:39:12.093)
  TRACE: /Tutorial/ProcessModel : Executing command SetTime (2025-03-17 13:39:12.093)
  TRACE: /Tutorial/ProcessModel : Acknowledge OK - command SetTime (2025-03-17 13:39:12.095)
  TRACE: /Tutorial : Executing command Speed (2025-03-17 13:39:12.095)
  TRACE: /Tutorial/ProcessModel : Executing command Speed (2025-03-17 13:39:12.096)
  TRACE: /Tutorial/ProcessModel : Acknowledge OK - command Speed (2025-03-17 13:39:12.097)
  TRACE: /Tutorial : Acknowledge OK - command Speed (2025-03-17 13:39:12.097)
  TRACE: /Tutorial : Acknowledge OK - command SetTime (2025-03-17 13:39:12.098)
  TRACE: /Tutorial : Acknowledge OK - command LoadFile (2025-03-17 13:39:12.098)
  INFO: Partner application "/Explorers/Mcl_10" connected. (2025-03-17 13:39:52.966)
  TRACE: /Tutorial : Executing command Run (2025-03-17 13:40:06.106)
  TRACE: /Tutorial : Executing command Initialize (2025-03-17 13:40:06.107)
  TRACE: /Tutorial/ProcessModel : Executing command Initialize (2025-03-17 13:40:06.107)
  TRACE: /Tutorial/ProcessModel : Acknowledge OK - command Initialize (2025-03-17 13:40:06.162)
  TRACE: /Tutorial : Acknowledge OK - command Initialize (2025-03-17 13:40:06.163)
  TRACE: /Tutorial/ProcessModel : Executing command Run (2025-03-17 13:40:06.164)
  TRACE: /Tutorial/ProcessModel : Acknowledge OK - command Run (2025-03-17 13:40:06.165)
  TRACE: /Tutorial : Acknowledge OK - command Run (2025-03-17 13:40:06.166)
  INFO: Partner application "/Explorers/Mcl_10" disconnected. (2025-03-17 13:40:38.956)
  TRACE: /Tutorial : Executing command Freeze (2025-03-17 13:41:57.451)
  TRACE: /Tutorial/ProcessModel : Executing command Freeze (2025-03-17 13:41:57.452)
  TRACE: /Tutorial/ProcessModel : Acknowledge OK - command Freeze (2025-03-17 13:41:57.453)
  TRACE: /Tutorial : Acknowledge OK - command Freeze (2025-03-17 13:41:57.454)
  INFO: Partner application "/Explorers/Mcl_11" connected. (2025-03-17 13:47:49.294)
  TRACE: /Tutorial : Executing command Run (2025-03-17 13:48:03.099)
  TRACE: /Tutorial/ProcessModel : Executing command Run (2025-03-17 13:48:03.100)
  TRACE: /Tutorial/ProcessModel : Acknowledge OK - command Run (2025-03-17 13:48:03.101)
  TRACE: /Tutorial : Acknowledge OK - command Run (2025-03-17 13:48:03.102)
  INFO: Partner application "/Explorers/Mcl_11" disconnected. (2025-03-17 13:48:35.893)
  TRACE: /Tutorial : Executing command Freeze (2025-03-17 13:49:33.879)
  TRACE: /Tutorial/ProcessModel : Executing command Freeze (2025-03-17 13:49:33.880)
  TRACE: /Tutorial/ProcessModel : Acknowledge OK - command Freeze (2025-03-17 13:49:33.881)
  TRACE: /Tutorial : Acknowledge OK - command Freeze (2025-03-17 13:49:33.882)
  INFO: Partner application "/Explorers/MclManager_8" disconnected. (2025-03-17 13:51:04.759)
  INFO: Partner application "/Explorers/Mcl_12" connected. (2025-03-17 13:51:18.162)
  INFO: Partner application "/Explorers/Mcl_13" connected. (2025-03-17 13:51:36.966)
  INFO: Partner application "/Explorers/MclManager_14" connected. (2025-03-17 13:51:52.303)
  INFO: Partner application "/Explorers/Mcl_15" connected. (2025-03-17 14:00:31.523)
  TRACE: /Tutorial : Executing command Run (2025-03-17 14:00:43.550)
  TRACE: /Tutorial/ProcessModel : Executing command Run (2025-03-17 14:00:43.551)
  TRACE: /Tutorial/ProcessModel : Acknowledge OK - command Run (2025-03-17 14:00:43.552)
  TRACE: /Tutorial : Acknowledge OK - command Run (2025-03-17 14:00:43.553)
  INFO: Partner application "/Explorers/Mcl_13" disconnected. (2025-03-17 14:01:16.353)
  INFO: Partner application "/Explorers/Mcl_12" disconnected. (2025-03-17 14:01:16.354)
  INFO: Partner application "/Explorers/Mcl_15" disconnected. (2025-03-17 14:01:16.355)
  TRACE: /Tutorial : Executing command Freeze (2025-03-17 14:01:33.899)
  TRACE: /Tutorial/ProcessModel : Executing command Freeze (2025-03-17 14:01:33.900)
  TRACE: /Tutorial/ProcessModel : Acknowledge OK - command Freeze (2025-03-17 14:01:33.902)
  TRACE: /Tutorial : Acknowledge OK - command Freeze (2025-03-17 14:01:33.903)
  TRACE: /Tutorial : Executing command LoadFile (2025-03-17 14:01:35.862)
  INFO: /Tutorial : Loading initial condition file "KSpiceTutorial Model". (2025-03-17 14:01:35.863)
  TRACE: /Tutorial/ProcessModel : Executing command LoadFile (2025-03-17 14:01:35.863)
  TRACE: /Tutorial/ProcessModel : Acknowledge OK - command LoadFile (2025-03-17 14:01:35.924)
  TRACE: /Tutorial : Executing command SetTime (2025-03-17 14:01:35.924)
  TRACE: /Tutorial/ProcessModel : Executing command SetTime (2025-03-17 14:01:35.925)
  TRACE: /Tutorial/ProcessModel : Acknowledge OK - command SetTime (2025-03-17 14:01:35.927)
  TRACE: /Tutorial : Executing command Speed (2025-03-17 14:01:35.928)
  TRACE: /Tutorial/ProcessModel : Executing command Speed (2025-03-17 14:01:35.929)
  TRACE: /Tutorial/ProcessModel : Acknowledge OK - command Speed (2025-03-17 14:01:35.930)
  TRACE: /Tutorial : Acknowledge OK - command Speed (2025-03-17 14:01:35.930)
  TRACE: /Tutorial : Acknowledge OK - command SetTime (2025-03-17 14:01:35.931)
  TRACE: /Tutorial : Acknowledge OK - command LoadFile (2025-03-17 14:01:35.931)
  INFO: Partner application "/Explorers/Mcl_16" connected. (2025-03-17 14:01:46.251)
  TRACE: /Tutorial : Executing command Run (2025-03-17 14:01:49.763)
  TRACE: /Tutorial : Executing command Initialize (2025-03-17 14:01:49.764)
  TRACE: /Tutorial/ProcessModel : Executing command Initialize (2025-03-17 14:01:49.764)
  TRACE: /Tutorial/ProcessModel : Acknowledge OK - command Initialize (2025-03-17 14:01:49.849)
  TRACE: /Tutorial : Acknowledge OK - command Initialize (2025-03-17 14:01:49.850)
  TRACE: /Tutorial/ProcessModel : Executing command Run (2025-03-17 14:01:49.851)
  TRACE: /Tutorial/ProcessModel : Acknowledge OK - command Run (2025-03-17 14:01:49.853)
  TRACE: /Tutorial : Acknowledge OK - command Run (2025-03-17 14:01:49.854)
  TRACE: /Tutorial : Executing command Freeze (2025-03-17 14:03:12.989)
  TRACE: /Tutorial/ProcessModel : Executing command Freeze (2025-03-17 14:03:12.990)
  TRACE: /Tutorial/ProcessModel : Acknowledge OK - command Freeze (2025-03-17 14:03:12.991)
  TRACE: /Tutorial : Acknowledge OK - command Freeze (2025-03-17 14:03:12.992)
  INFO: Partner application "/Explorers/Mcl_16" disconnected. (2025-03-17 14:03:44.697)
  INFO: Partner application "/Explorers/MclManager_14" disconnected. (2025-03-17 14:09:50.250)
  TRACE: /Tutorial : Executing command Deactivate (2025-03-17 14:39:34.462)
  TRACE: /Tutorial/ProcessModel : Executing command Deactivate (2025-03-17 14:39:34.463)
  INFO: Partner application "/Tutorial/ProcessModel" disconnected. (2025-03-17 14:39:34.464)
  TRACE: /Tutorial/ProcessModel : Acknowledge OK - command Deactivate (2025-03-17 14:39:34.465)
  TRACE: /Tutorial : Acknowledge OK - command Deactivate (2025-03-17 14:39:34.466)
  TRACE: /Tutorial : Executing command Shutdown (2025-03-17 14:43:49.503)
  TRACE: /Tutorial : Acknowledge OK - command Shutdown (2025-03-17 14:43:49.503)
  TRACE: /Tutorial/ProcessModel : Executing command Deactivate (2025-03-17 14:43:49.505)
  TRACE: /Tutorial/ProcessModel : Acknowledge OK - command Deactivate (2025-03-17 14:43:49.506)
  INFO: Opened project : DemoProject (2025-03-25 08:47:18.273)
  INFO: Project directory : C:\K-Spice-Projects\DemoProject (2025-03-25 08:47:18.275)
  TRACE: /Tutorial : Executing command Activate (2025-03-25 08:47:18.375)
  TRACE: /Tutorial/ProcessModel : Executing command Activate (2025-03-25 08:47:18.376)
  INFO: Partner application "/Tutorial/ProcessModel" connected. (2025-03-25 08:47:19.406)
  TRACE: /Tutorial/ProcessModel : Acknowledge OK - command Activate (2025-03-25 08:47:19.407)
  TRACE: /Tutorial : Acknowledge OK - command Activate (2025-03-25 08:47:19.409)
  TRACE: /Tutorial : Executing command UpdateUnits (2025-03-25 08:47:19.412)
  TRACE: /Tutorial/ProcessModel : Executing command UpdateUnits (2025-03-25 08:47:19.413)
  TRACE: /Tutorial/ProcessModel : Acknowledge OK - command UpdateUnits (2025-03-25 08:47:19.516)
  TRACE: /Tutorial : Acknowledge OK - command UpdateUnits (2025-03-25 08:47:19.517)
  TRACE: /Tutorial : Executing command SetExecutionMode (2025-03-25 08:47:19.518)
  TRACE: /Tutorial/ProcessModel : Executing command SetExecutionMode (2025-03-25 08:47:19.518)
  TRACE: /Tutorial/ProcessModel : Acknowledge OK - command SetExecutionMode (2025-03-25 08:47:19.519)
  TRACE: /Tutorial : Acknowledge OK - command SetExecutionMode (2025-03-25 08:47:19.520)
  TRACE: /Tutorial : Executing command LoadConfig (2025-03-25 08:47:19.520)
  INFO: /Tutorial : Loading model file "KSpiceTutorial Model". (2025-03-25 08:47:19.521)
  TRACE: /Tutorial/ProcessModel : Executing command LoadConfig (2025-03-25 08:47:19.521)
  TRACE: /Tutorial/ProcessModel : Acknowledge OK - command LoadConfig (2025-03-25 08:47:19.669)
  TRACE: /Tutorial : Executing command NamespaceRequest (2025-03-25 08:47:19.670)
  TRACE: /Tutorial/ProcessModel : Executing command NamespaceRequest (2025-03-25 08:47:19.671)
  TRACE: /Tutorial/ProcessModel : Acknowledge OK - command NamespaceRequest (2025-03-25 08:47:19.672)
  TRACE: /Tutorial : Acknowledge OK - command NamespaceRequest (2025-03-25 08:47:19.673)
  TRACE: /Tutorial : Executing command NamespaceReady (2025-03-25 08:47:19.673)
  TRACE: /Tutorial/ProcessModel : Executing command NamespaceReady (2025-03-25 08:47:19.675)
  TRACE: /Tutorial/ProcessModel : Acknowledge OK - command NamespaceReady (2025-03-25 08:47:19.676)
  TRACE: /Tutorial : Acknowledge OK - command NamespaceReady (2025-03-25 08:47:19.677)
  TRACE: /Tutorial : Acknowledge OK - command LoadConfig (2025-03-25 08:47:19.678)
  TRACE: /Tutorial : Executing command LoadFile (2025-03-25 08:47:19.679)
  INFO: /Tutorial : Loading parameter file "KSpiceTutorial Model". (2025-03-25 08:47:19.680)
  TRACE: /Tutorial/ProcessModel : Executing command LoadFile (2025-03-25 08:47:19.680)
  TRACE: /Tutorial/ProcessModel : Acknowledge OK - command LoadFile (2025-03-25 08:47:19.737)
  TRACE: /Tutorial : Acknowledge OK - command LoadFile (2025-03-25 08:47:19.737)
  TRACE: /Tutorial : Executing command LoadFile (2025-03-25 08:47:19.738)
  INFO: /Tutorial : Loading initial condition file "KSpiceTutorial Model". (2025-03-25 08:47:19.738)
  TRACE: /Tutorial/ProcessModel : Executing command LoadFile (2025-03-25 08:47:19.739)
  TRACE: /Tutorial/ProcessModel : Acknowledge OK - command LoadFile (2025-03-25 08:47:19.854)
  TRACE: /Tutorial : Executing command SetTime (2025-03-25 08:47:19.854)
  TRACE: /Tutorial/ProcessModel : Executing command SetTime (2025-03-25 08:47:19.855)
  TRACE: /Tutorial/ProcessModel : Acknowledge OK - command SetTime (2025-03-25 08:47:19.870)
  TRACE: /Tutorial : Executing command Speed (2025-03-25 08:47:19.871)
  TRACE: /Tutorial/ProcessModel : Executing command Speed (2025-03-25 08:47:19.872)
  TRACE: /Tutorial/ProcessModel : Acknowledge OK - command Speed (2025-03-25 08:47:19.873)
  TRACE: /Tutorial : Acknowledge OK - command Speed (2025-03-25 08:47:19.873)
  TRACE: /Tutorial : Acknowledge OK - command SetTime (2025-03-25 08:47:19.874)
  TRACE: /Tutorial : Executing command CreateSubscriptions (2025-03-25 08:47:19.874)
  TRACE: /Tutorial/ProcessModel : Executing command CreateSubscriptions (2025-03-25 08:47:19.875)
  TRACE: /Tutorial/ProcessModel : Acknowledge OK - command CreateSubscriptions (2025-03-25 08:47:19.876)
  TRACE: /Tutorial : Acknowledge OK - command CreateSubscriptions (2025-03-25 08:47:19.877)
  TRACE: /Tutorial : Acknowledge OK - command LoadFile (2025-03-25 08:47:19.877)
  TRACE: /Tutorial : Executing command Initialize (2025-03-25 08:47:19.878)
  TRACE: /Tutorial/ProcessModel : Executing command Initialize (2025-03-25 08:47:19.879)
  TRACE: /Tutorial/ProcessModel : Acknowledge OK - command Initialize (2025-03-25 08:47:20.556)
  TRACE: /Tutorial : Acknowledge OK - command Initialize (2025-03-25 08:47:20.557)
  TRACE: /Tutorial : Executing command Run (2025-03-25 08:47:20.558)
  TRACE: /Tutorial/ProcessModel : Executing command Run (2025-03-25 08:47:20.558)
  TRACE: /Tutorial/ProcessModel : Acknowledge OK - command Run (2025-03-25 08:47:20.559)
  TRACE: /Tutorial : Acknowledge OK - command Run (2025-03-25 08:47:20.560)
  TRACE: /Tutorial : Executing command Freeze (2025-03-25 08:53:33.340)
  TRACE: /Tutorial/ProcessModel : Executing command Freeze (2025-03-25 08:53:33.341)
  TRACE: /Tutorial/ProcessModel : Acknowledge OK - command Freeze (2025-03-25 08:53:33.343)
  TRACE: /Tutorial : Acknowledge OK - command Freeze (2025-03-25 08:53:33.344)
  TRACE: /Tutorial : Executing command Shutdown (2025-03-25 08:58:38.382)
  TRACE: /Tutorial : Executing command Deactivate (2025-03-25 08:58:38.383)
  TRACE: /Tutorial/ProcessModel : Executing command Deactivate (2025-03-25 08:58:38.384)
  INFO: Partner application "/Explorers/Explorer_5" disconnected. (2025-03-25 08:58:38.384)
  INFO: Partner application "/Tutorial/ProcessModel" disconnected. (2025-03-25 08:58:38.384)
  TRACE: /Tutorial/ProcessModel : Acknowledge OK - command Deactivate (2025-03-25 08:58:38.385)
  TRACE: /Tutorial : Acknowledge OK - command Deactivate (2025-03-25 08:58:38.386)
  TRACE: /Tutorial : Acknowledge OK - command Shutdown (2025-03-25 08:58:38.387)
  INFO: Terminated /Tutorial. (2025-03-25 08:58:38.387)
  TRACE: /Tutorial/ProcessModel : Executing command Deactivate (2025-03-25 08:58:38.389)
  TRACE: /Tutorial/ProcessModel : Acknowledge OK - command Deactivate (2025-03-25 08:58:38.389)
  INFO: Opened project : DemoProject (2025-03-28 09:10:02.307)
  INFO: Project directory : C:\K-Spice-Projects\DemoProject (2025-03-28 09:10:02.329)
  TRACE: /Tutorial : Executing command Activate (2025-03-28 09:10:02.442)
  TRACE: /Tutorial/ProcessModel : Executing command Activate (2025-03-28 09:10:02.442)
  INFO: Partner application "/Explorers/Explorer_4" connected. (2025-03-28 09:10:02.670)
  INFO: Partner application "/Explorers/Explorer_4" disconnected. (2025-03-28 09:10:02.701)
  INFO: Partner application "/Explorers/Explorer_5" connected. (2025-03-28 09:10:02.885)
  INFO: Partner application "/Tutorial/ProcessModel" connected. (2025-03-28 09:10:03.216)
  TRACE: /Tutorial/ProcessModel : Acknowledge OK - command Activate (2025-03-28 09:10:03.217)
  TRACE: /Tutorial : Acknowledge OK - command Activate (2025-03-28 09:10:03.218)
  TRACE: /Tutorial : Executing command UpdateUnits (2025-03-28 09:10:03.219)
  TRACE: /Tutorial/ProcessModel : Executing command UpdateUnits (2025-03-28 09:10:03.220)
  TRACE: /Tutorial/ProcessModel : Acknowledge OK - command UpdateUnits (2025-03-28 09:10:03.277)
  TRACE: /Tutorial : Acknowledge OK - command UpdateUnits (2025-03-28 09:10:03.277)
  TRACE: /Tutorial : Executing command SetExecutionMode (2025-03-28 09:10:03.278)
  TRACE: /Tutorial/ProcessModel : Executing command SetExecutionMode (2025-03-28 09:10:03.278)
  TRACE: /Tutorial/ProcessModel : Acknowledge OK - command SetExecutionMode (2025-03-28 09:10:03.279)
  TRACE: /Tutorial : Acknowledge OK - command SetExecutionMode (2025-03-28 09:10:03.279)
  TRACE: /Tutorial : Executing command LoadConfig (2025-03-28 09:10:03.280)
  INFO: /Tutorial : Loading model file "KSpiceTutorial Model". (2025-03-28 09:10:03.280)
  TRACE: /Tutorial/ProcessModel : Executing command LoadConfig (2025-03-28 09:10:03.281)
  TRACE: /Tutorial/ProcessModel : Acknowledge OK - command LoadConfig (2025-03-28 09:10:03.449)
  TRACE: /Tutorial : Executing command NamespaceRequest (2025-03-28 09:10:03.450)
  TRACE: /Tutorial/ProcessModel : Executing command NamespaceRequest (2025-03-28 09:10:03.451)
  TRACE: /Tutorial/ProcessModel : Acknowledge OK - command NamespaceRequest (2025-03-28 09:10:03.452)
  TRACE: /Tutorial : Acknowledge OK - command NamespaceRequest (2025-03-28 09:10:03.453)
  TRACE: /Tutorial : Executing command NamespaceReady (2025-03-28 09:10:03.453)
  TRACE: /Tutorial/ProcessModel : Executing command NamespaceReady (2025-03-28 09:10:03.453)
  TRACE: /Tutorial/ProcessModel : Acknowledge OK - command NamespaceReady (2025-03-28 09:10:03.454)
  TRACE: /Tutorial : Acknowledge OK - command NamespaceReady (2025-03-28 09:10:03.455)
  TRACE: /Tutorial : Acknowledge OK - command LoadConfig (2025-03-28 09:10:03.455)
  TRACE: /Tutorial : Executing command LoadFile (2025-03-28 09:10:03.456)
  INFO: /Tutorial : Loading parameter file "KSpiceTutorial Model". (2025-03-28 09:10:03.456)
  TRACE: /Tutorial/ProcessModel : Executing command LoadFile (2025-03-28 09:10:03.457)
  TRACE: /Tutorial/ProcessModel : Acknowledge OK - command LoadFile (2025-03-28 09:10:03.497)
  TRACE: /Tutorial : Acknowledge OK - command LoadFile (2025-03-28 09:10:03.498)
  TRACE: /Tutorial : Executing command LoadFile (2025-03-28 09:10:03.499)
  INFO: /Tutorial : Loading initial condition file "KSpiceTutorial Model". (2025-03-28 09:10:03.499)
  TRACE: /Tutorial/ProcessModel : Executing command LoadFile (2025-03-28 09:10:03.500)
  TRACE: /Tutorial/ProcessModel : Acknowledge OK - command LoadFile (2025-03-28 09:10:03.589)
  TRACE: /Tutorial : Executing command SetTime (2025-03-28 09:10:03.589)
  TRACE: /Tutorial/ProcessModel : Executing command SetTime (2025-03-28 09:10:03.590)
  TRACE: /Tutorial/ProcessModel : Acknowledge OK - command SetTime (2025-03-28 09:10:03.601)
  TRACE: /Tutorial : Executing command Speed (2025-03-28 09:10:03.602)
  TRACE: /Tutorial/ProcessModel : Executing command Speed (2025-03-28 09:10:03.602)
  TRACE: /Tutorial/ProcessModel : Acknowledge OK - command Speed (2025-03-28 09:10:03.603)
  TRACE: /Tutorial : Acknowledge OK - command Speed (2025-03-28 09:10:03.603)
  TRACE: /Tutorial : Acknowledge OK - command SetTime (2025-03-28 09:10:03.604)
  TRACE: /Tutorial : Executing command CreateSubscriptions (2025-03-28 09:10:03.604)
  TRACE: /Tutorial/ProcessModel : Executing command CreateSubscriptions (2025-03-28 09:10:03.605)
  TRACE: /Tutorial/ProcessModel : Acknowledge OK - command CreateSubscriptions (2025-03-28 09:10:03.605)
  TRACE: /Tutorial : Acknowledge OK - command CreateSubscriptions (2025-03-28 09:10:03.606)
  TRACE: /Tutorial : Acknowledge OK - command LoadFile (2025-03-28 09:10:03.606)
  TRACE: /Tutorial : Executing command Initialize (2025-03-28 09:10:03.606)
  TRACE: /Tutorial/ProcessModel : Executing command Initialize (2025-03-28 09:10:03.607)
  TRACE: /Tutorial/ProcessModel : Acknowledge OK - command Initialize (2025-03-28 09:10:04.187)
  TRACE: /Tutorial : Acknowledge OK - command Initialize (2025-03-28 09:10:04.188)
  TRACE: /Tutorial : Executing command Run (2025-03-28 09:10:04.189)
  TRACE: /Tutorial/ProcessModel : Executing command Run (2025-03-28 09:10:04.189)
  TRACE: /Tutorial/ProcessModel : Acknowledge OK - command Run (2025-03-28 09:10:04.190)
  TRACE: /Tutorial : Acknowledge OK - command Run (2025-03-28 09:10:04.190)
  TRACE: /Tutorial : Executing command Freeze (2025-03-28 09:10:38.473)
  TRACE: /Tutorial/ProcessModel : Executing command Freeze (2025-03-28 09:10:38.473)
  TRACE: /Tutorial/ProcessModel : Acknowledge OK - command Freeze (2025-03-28 09:10:38.474)
  TRACE: /Tutorial : Acknowledge OK - command Freeze (2025-03-28 09:10:38.475)
  INFO: Partner application "/Explorers/MclManager_6" connected. (2025-03-28 09:10:43.660)
  INFO: Partner application "/Explorers/MclManager_6" disconnected. (2025-03-28 09:10:51.870)
  TRACE: /Tutorial : Executing command Freeze (2025-03-28 09:21:05.286)
  TRACE: /Tutorial : Acknowledge OK - command Freeze (2025-03-28 09:21:05.286)
  TRACE: /Tutorial : Executing command Freeze (2025-03-28 09:21:30.740)
  TRACE: /Tutorial : Acknowledge OK - command Freeze (2025-03-28 09:21:30.741)
  TRACE: /Tutorial : Executing command Freeze (2025-03-28 09:21:40.429)
  TRACE: /Tutorial : Acknowledge OK - command Freeze (2025-03-28 09:21:40.429)
  TRACE: /Tutorial : Executing command Freeze (2025-03-28 09:21:46.416)
  TRACE: /Tutorial : Acknowledge OK - command Freeze (2025-03-28 09:21:46.416)
  TRACE: /Tutorial : Executing command Freeze (2025-03-28 09:23:24.198)
  TRACE: /Tutorial : Acknowledge OK - command Freeze (2025-03-28 09:23:24.199)
  TRACE: /Tutorial : Executing command Freeze (2025-03-28 09:25:41.053)
  TRACE: /Tutorial : Acknowledge OK - command Freeze (2025-03-28 09:25:41.054)
  INFO: Partner application "/Explorers/Explorer_7" connected. (2025-03-31 13:34:09.390)
  INFO: Partner application "/Explorers/Explorer_7" disconnected. (2025-03-31 13:34:09.557)
  INFO: Partner application "/Explorers/Explorer_5" disconnected. (2025-03-31 13:37:40.180)
  TRACE: /Tutorial : Executing command Shutdown (2025-03-31 13:37:40.180)
  TRACE: /Tutorial : Executing command Deactivate (2025-03-31 13:37:40.181)
  TRACE: /Tutorial/ProcessModel : Executing command Deactivate (2025-03-31 13:37:40.181)
  INFO: Partner application "/Tutorial/ProcessModel" disconnected. (2025-03-31 13:37:40.187)
  TRACE: /Tutorial/ProcessModel : Acknowledge OK - command Deactivate (2025-03-31 13:37:40.189)
  TRACE: /Tutorial : Acknowledge OK - command Deactivate (2025-03-31 13:37:40.189)
  TRACE: /Tutorial : Acknowledge OK - command Shutdown (2025-03-31 13:37:40.191)
  INFO: Terminated /Tutorial. (2025-03-31 13:37:40.191)
  TRACE: /Tutorial/ProcessModel : Executing command Deactivate (2025-03-31 13:37:40.196)
  TRACE: /Tutorial/ProcessModel : Acknowledge OK - command Deactivate (2025-03-31 13:37:40.197)
  INFO: Opened project : DemoProject (2025-04-07 09:00:53.831)
  INFO: Project directory : C:\K-Spice-Projects\DemoProject (2025-04-07 09:00:53.857)
  TRACE: /Tutorial : Executing command Activate (2025-04-07 09:00:53.992)
  TRACE: /Tutorial/ProcessModel : Executing command Activate (2025-04-07 09:00:53.993)
  INFO: Partner application "/Explorers/Explorer_4" connected. (2025-04-07 09:00:54.114)
  INFO: Partner application "/Explorers/Explorer_4" disconnected. (2025-04-07 09:00:54.153)
  INFO: Partner application "/Explorers/Explorer_5" connected. (2025-04-07 09:00:54.360)
  INFO: Partner application "/Tutorial/ProcessModel" connected. (2025-04-07 09:00:55.069)
  TRACE: /Tutorial/ProcessModel : Acknowledge OK - command Activate (2025-04-07 09:00:55.070)
  TRACE: /Tutorial : Acknowledge OK - command Activate (2025-04-07 09:00:55.071)
  TRACE: /Tutorial : Executing command UpdateUnits (2025-04-07 09:00:55.073)
  TRACE: /Tutorial/ProcessModel : Executing command UpdateUnits (2025-04-07 09:00:55.074)
  TRACE: /Tutorial/ProcessModel : Acknowledge OK - command UpdateUnits (2025-04-07 09:00:55.159)
  TRACE: /Tutorial : Acknowledge OK - command UpdateUnits (2025-04-07 09:00:55.160)
  TRACE: /Tutorial : Executing command SetExecutionMode (2025-04-07 09:00:55.161)
  TRACE: /Tutorial/ProcessModel : Executing command SetExecutionMode (2025-04-07 09:00:55.162)
  TRACE: /Tutorial/ProcessModel : Acknowledge OK - command SetExecutionMode (2025-04-07 09:00:55.163)
  TRACE: /Tutorial : Acknowledge OK - command SetExecutionMode (2025-04-07 09:00:55.165)
  TRACE: /Tutorial : Executing command LoadConfig (2025-04-07 09:00:55.166)
  INFO: /Tutorial : Loading model file "KSpiceTutorial Model". (2025-04-07 09:00:55.167)
  TRACE: /Tutorial/ProcessModel : Executing command LoadConfig (2025-04-07 09:00:55.168)
  TRACE: /Tutorial/ProcessModel : Acknowledge OK - command LoadConfig (2025-04-07 09:00:55.392)
  TRACE: /Tutorial : Executing command NamespaceRequest (2025-04-07 09:00:55.394)
  TRACE: /Tutorial/ProcessModel : Executing command NamespaceRequest (2025-04-07 09:00:55.395)
  TRACE: /Tutorial/ProcessModel : Acknowledge OK - command NamespaceRequest (2025-04-07 09:00:55.397)
  TRACE: /Tutorial : Acknowledge OK - command NamespaceRequest (2025-04-07 09:00:55.398)
  TRACE: /Tutorial : Executing command NamespaceReady (2025-04-07 09:00:55.398)
  TRACE: /Tutorial/ProcessModel : Executing command NamespaceReady (2025-04-07 09:00:55.400)
  TRACE: /Tutorial/ProcessModel : Acknowledge OK - command NamespaceReady (2025-04-07 09:00:55.402)
  TRACE: /Tutorial : Acknowledge OK - command NamespaceReady (2025-04-07 09:00:55.403)
  TRACE: /Tutorial : Acknowledge OK - command LoadConfig (2025-04-07 09:00:55.403)
  TRACE: /Tutorial : Executing command LoadFile (2025-04-07 09:00:55.404)
  INFO: /Tutorial : Loading parameter file "KSpiceTutorial Model". (2025-04-07 09:00:55.405)
  TRACE: /Tutorial/ProcessModel : Executing command LoadFile (2025-04-07 09:00:55.405)
  TRACE: /Tutorial/ProcessModel : Acknowledge OK - command LoadFile (2025-04-07 09:00:55.468)
  TRACE: /Tutorial : Acknowledge OK - command LoadFile (2025-04-07 09:00:55.468)
  TRACE: /Tutorial : Executing command LoadFile (2025-04-07 09:00:55.469)
  INFO: /Tutorial : Loading initial condition file "KSpiceTutorial Model". (2025-04-07 09:00:55.469)
  TRACE: /Tutorial/ProcessModel : Executing command LoadFile (2025-04-07 09:00:55.470)
  TRACE: /Tutorial/ProcessModel : Acknowledge OK - command LoadFile (2025-04-07 09:00:55.620)
  TRACE: /Tutorial : Executing command SetTime (2025-04-07 09:00:55.621)
  TRACE: /Tutorial/ProcessModel : Executing command SetTime (2025-04-07 09:00:55.621)
  TRACE: /Tutorial/ProcessModel : Acknowledge OK - command SetTime (2025-04-07 09:00:55.639)
  TRACE: /Tutorial : Executing command Speed (2025-04-07 09:00:55.640)
  TRACE: /Tutorial/ProcessModel : Executing command Speed (2025-04-07 09:00:55.641)
  TRACE: /Tutorial/ProcessModel : Acknowledge OK - command Speed (2025-04-07 09:00:55.642)
  TRACE: /Tutorial : Acknowledge OK - command Speed (2025-04-07 09:00:55.642)
  TRACE: /Tutorial : Acknowledge OK - command SetTime (2025-04-07 09:00:55.643)
  TRACE: /Tutorial : Executing command CreateSubscriptions (2025-04-07 09:00:55.644)
  TRACE: /Tutorial/ProcessModel : Executing command CreateSubscriptions (2025-04-07 09:00:55.645)
  TRACE: /Tutorial/ProcessModel : Acknowledge OK - command CreateSubscriptions (2025-04-07 09:00:55.647)
  TRACE: /Tutorial : Acknowledge OK - command CreateSubscriptions (2025-04-07 09:00:55.650)
  TRACE: /Tutorial : Acknowledge OK - command LoadFile (2025-04-07 09:00:55.651)
  TRACE: /Tutorial : Executing command Initialize (2025-04-07 09:00:55.652)
  TRACE: /Tutorial/ProcessModel : Executing command Initialize (2025-04-07 09:00:55.653)
  TRACE: /Tutorial/ProcessModel : Acknowledge OK - command Initialize (2025-04-07 09:00:56.923)
  TRACE: /Tutorial : Acknowledge OK - command Initialize (2025-04-07 09:00:56.924)
  TRACE: /Tutorial : Executing command Run (2025-04-07 09:00:56.925)
  TRACE: /Tutorial/ProcessModel : Executing command Run (2025-04-07 09:00:56.926)
  TRACE: /Tutorial/ProcessModel : Acknowledge OK - command Run (2025-04-07 09:00:56.927)
  TRACE: /Tutorial : Acknowledge OK - command Run (2025-04-07 09:00:56.928)
  TRACE: /Tutorial : Executing command Freeze (2025-04-07 09:01:30.540)
  TRACE: /Tutorial/ProcessModel : Executing command Freeze (2025-04-07 09:01:30.541)
  TRACE: /Tutorial/ProcessModel : Acknowledge OK - command Freeze (2025-04-07 09:01:30.543)
  TRACE: /Tutorial : Acknowledge OK - command Freeze (2025-04-07 09:01:30.544)
  TRACE: /Tutorial : Executing command Freeze (2025-04-07 09:04:33.321)
  TRACE: /Tutorial : Acknowledge OK - command Freeze (2025-04-07 09:04:33.321)
  TRACE: /Tutorial : Executing command NamespaceUpdate (2025-04-07 09:05:30.543)
  TRACE: /Tutorial : Acknowledge OK - command NamespaceUpdate (2025-04-07 09:05:30.544)
  TRACE: /Tutorial : Executing command NamespaceUpdate (2025-04-07 09:05:44.341)
  TRACE: /Tutorial : Acknowledge OK - command NamespaceUpdate (2025-04-07 09:05:44.341)
  TRACE: /Tutorial : Executing command NamespaceUpdate (2025-04-07 09:06:01.876)
  TRACE: /Tutorial : Acknowledge OK - command NamespaceUpdate (2025-04-07 09:06:01.877)
  TRACE: /Tutorial : Executing command Initialize (2025-04-07 09:06:08.189)
  TRACE: /Tutorial/ProcessModel : Executing command Initialize (2025-04-07 09:06:08.189)
  TRACE: /Tutorial/ProcessModel : Acknowledge failed - command Initialize (2025-04-07 09:06:08.202)
  TRACE: /Tutorial : Acknowledge failed - command Initialize (2025-04-07 09:06:08.203)
  TRACE: /Tutorial : Executing command Initialize (2025-04-07 09:07:02.813)
  TRACE: /Tutorial/ProcessModel : Executing command Initialize (2025-04-07 09:07:02.814)
  TRACE: /Tutorial/ProcessModel : Acknowledge failed - command Initialize (2025-04-07 09:07:02.830)
  TRACE: /Tutorial : Acknowledge failed - command Initialize (2025-04-07 09:07:02.831)
  TRACE: /Tutorial : Executing command NamespaceUpdate (2025-04-07 09:07:46.348)
  TRACE: /Tutorial : Acknowledge OK - command NamespaceUpdate (2025-04-07 09:07:46.348)
  TRACE: /Tutorial : Executing command Initialize (2025-04-07 09:08:04.714)
  TRACE: /Tutorial/ProcessModel : Executing command Initialize (2025-04-07 09:08:04.715)
  TRACE: /Tutorial/ProcessModel : Acknowledge OK - command Initialize (2025-04-07 09:08:04.829)
  TRACE: /Tutorial : Acknowledge OK - command Initialize (2025-04-07 09:08:04.830)
  TRACE: /Tutorial : Executing command NamespaceUpdate (2025-04-07 09:08:04.830)
  TRACE: /Tutorial : Acknowledge OK - command NamespaceUpdate (2025-04-07 09:08:04.831)
  TRACE: /Tutorial : Executing command NamespaceUpdate (2025-04-07 09:20:52.441)
  TRACE: /Tutorial : Acknowledge OK - command NamespaceUpdate (2025-04-07 09:20:52.441)
  TRACE: /Tutorial : Executing command NamespaceUpdate (2025-04-07 09:20:52.455)
  TRACE: /Tutorial : Acknowledge OK - command NamespaceUpdate (2025-04-07 09:20:52.456)
  TRACE: /Tutorial : Executing command NamespaceUpdate (2025-04-07 09:20:52.472)
  TRACE: /Tutorial : Acknowledge OK - command NamespaceUpdate (2025-04-07 09:20:52.473)
  TRACE: /Tutorial : Executing command NamespaceUpdate (2025-04-07 09:20:52.489)
  TRACE: /Tutorial : Acknowledge OK - command NamespaceUpdate (2025-04-07 09:20:52.490)
  TRACE: /Tutorial : Executing command NamespaceUpdate (2025-04-07 09:20:52.510)
  TRACE: /Tutorial : Acknowledge OK - command NamespaceUpdate (2025-04-07 09:20:52.511)
  TRACE: /Tutorial : Executing command NamespaceUpdate (2025-04-07 09:20:52.529)
  TRACE: /Tutorial : Acknowledge OK - command NamespaceUpdate (2025-04-07 09:20:52.529)
  TRACE: /Tutorial : Executing command NamespaceUpdate (2025-04-07 09:20:52.561)
  TRACE: /Tutorial : Acknowledge OK - command NamespaceUpdate (2025-04-07 09:20:52.562)
  TRACE: /Tutorial : Executing command NamespaceUpdate (2025-04-07 09:20:52.562)
  TRACE: /Tutorial : Acknowledge OK - command NamespaceUpdate (2025-04-07 09:20:52.563)
  TRACE: /Tutorial : Executing command NamespaceUpdate (2025-04-07 09:20:52.584)
  TRACE: /Tutorial : Acknowledge OK - command NamespaceUpdate (2025-04-07 09:20:52.585)
  TRACE: /Tutorial : Executing command NamespaceUpdate (2025-04-07 09:20:52.602)
  TRACE: /Tutorial : Acknowledge OK - command NamespaceUpdate (2025-04-07 09:20:52.602)
  TRACE: /Tutorial : Executing command NamespaceUpdate (2025-04-07 09:20:52.616)
  TRACE: /Tutorial : Acknowledge OK - command NamespaceUpdate (2025-04-07 09:20:52.617)
  TRACE: /Tutorial : Executing command NamespaceUpdate (2025-04-07 09:20:52.635)
  TRACE: /Tutorial : Acknowledge OK - command NamespaceUpdate (2025-04-07 09:20:52.635)
  TRACE: /Tutorial : Executing command NamespaceUpdate (2025-04-07 09:20:52.650)
  TRACE: /Tutorial : Acknowledge OK - command NamespaceUpdate (2025-04-07 09:20:52.651)
  TRACE: /Tutorial : Executing command NamespaceUpdate (2025-04-07 09:20:52.651)
  TRACE: /Tutorial : Acknowledge OK - command NamespaceUpdate (2025-04-07 09:20:52.652)
  TRACE: /Tutorial : Executing command NamespaceUpdate (2025-04-07 09:20:52.663)
  TRACE: /Tutorial : Acknowledge OK - command NamespaceUpdate (2025-04-07 09:20:52.664)
  TRACE: /Tutorial : Executing command NamespaceUpdate (2025-04-07 09:20:52.673)
  TRACE: /Tutorial : Acknowledge OK - command NamespaceUpdate (2025-04-07 09:20:52.673)
  INFO: Partner application "/Explorers/Explorer_5" disconnected. (2025-04-07 09:20:53.836)
  TRACE: /Tutorial : Executing command Shutdown (2025-04-07 09:20:53.837)
  TRACE: /Tutorial : Executing command Deactivate (2025-04-07 09:20:53.837)
  TRACE: /Tutorial/ProcessModel : Executing command Deactivate (2025-04-07 09:20:53.838)
  INFO: Partner application "/Tutorial/ProcessModel" disconnected. (2025-04-07 09:20:53.840)
  TRACE: /Tutorial/ProcessModel : Acknowledge OK - command Deactivate (2025-04-07 09:20:53.840)
  TRACE: /Tutorial : Acknowledge OK - command Deactivate (2025-04-07 09:20:53.841)
  TRACE: /Tutorial : Acknowledge OK - command Shutdown (2025-04-07 09:20:53.842)
  INFO: Terminated /Tutorial. (2025-04-07 09:20:53.842)
  TRACE: /Tutorial/ProcessModel : Executing command Deactivate (2025-04-07 09:20:53.843)
  TRACE: /Tutorial/ProcessModel : Acknowledge OK - command Deactivate (2025-04-07 09:20:53.844)
  INFO: Opened project : DemoProject (2025-04-15 12:02:49.856)
  INFO: Project directory : C:\K-Spice-Projects\DemoProject (2025-04-15 12:02:49.874)
  TRACE: /Tutorial : Executing command Activate (2025-04-15 12:02:50.003)
  TRACE: /Tutorial/ProcessModel : Executing command Activate (2025-04-15 12:02:50.004)
  INFO: Partner application "/Explorers/Explorer_4" connected. (2025-04-15 12:02:50.134)
  INFO: Partner application "/Explorers/Explorer_4" disconnected. (2025-04-15 12:02:50.159)
  INFO: Partner application "/Explorers/Explorer_5" connected. (2025-04-15 12:02:50.381)
  INFO: Partner application "/Tutorial/ProcessModel" connected. (2025-04-15 12:02:51.066)
  TRACE: /Tutorial/ProcessModel : Acknowledge OK - command Activate (2025-04-15 12:02:51.068)
  TRACE: /Tutorial : Acknowledge OK - command Activate (2025-04-15 12:02:51.069)
  TRACE: /Tutorial : Executing command UpdateUnits (2025-04-15 12:02:51.071)
  TRACE: /Tutorial/ProcessModel : Executing command UpdateUnits (2025-04-15 12:02:51.072)
  TRACE: /Tutorial/ProcessModel : Acknowledge OK - command UpdateUnits (2025-04-15 12:02:51.137)
  TRACE: /Tutorial : Acknowledge OK - command UpdateUnits (2025-04-15 12:02:51.138)
  TRACE: /Tutorial : Executing command SetExecutionMode (2025-04-15 12:02:51.139)
  TRACE: /Tutorial/ProcessModel : Executing command SetExecutionMode (2025-04-15 12:02:51.139)
  TRACE: /Tutorial/ProcessModel : Acknowledge OK - command SetExecutionMode (2025-04-15 12:02:51.141)
  TRACE: /Tutorial : Acknowledge OK - command SetExecutionMode (2025-04-15 12:02:51.141)
  TRACE: /Tutorial : Executing command LoadConfig (2025-04-15 12:02:51.142)
  INFO: /Tutorial : Loading model file "KSpiceTutorial Model". (2025-04-15 12:02:51.143)
  TRACE: /Tutorial/ProcessModel : Executing command LoadConfig (2025-04-15 12:02:51.144)
  TRACE: /Tutorial/ProcessModel : Acknowledge OK - command LoadConfig (2025-04-15 12:02:51.372)
  TRACE: /Tutorial : Executing command NamespaceRequest (2025-04-15 12:02:51.373)
  TRACE: /Tutorial/ProcessModel : Executing command NamespaceRequest (2025-04-15 12:02:51.373)
  TRACE: /Tutorial/ProcessModel : Acknowledge OK - command NamespaceRequest (2025-04-15 12:02:51.374)
  TRACE: /Tutorial : Acknowledge OK - command NamespaceRequest (2025-04-15 12:02:51.375)
  TRACE: /Tutorial : Executing command NamespaceReady (2025-04-15 12:02:51.375)
  TRACE: /Tutorial/ProcessModel : Executing command NamespaceReady (2025-04-15 12:02:51.376)
  TRACE: /Tutorial/ProcessModel : Acknowledge OK - command NamespaceReady (2025-04-15 12:02:51.376)
  TRACE: /Tutorial : Acknowledge OK - command NamespaceReady (2025-04-15 12:02:51.378)
  TRACE: /Tutorial : Acknowledge OK - command LoadConfig (2025-04-15 12:02:51.378)
  TRACE: /Tutorial : Executing command LoadFile (2025-04-15 12:02:51.379)
  INFO: /Tutorial : Loading parameter file "KSpiceTutorial Model". (2025-04-15 12:02:51.380)
  TRACE: /Tutorial/ProcessModel : Executing command LoadFile (2025-04-15 12:02:51.380)
  TRACE: /Tutorial/ProcessModel : Acknowledge OK - command LoadFile (2025-04-15 12:02:51.438)
  TRACE: /Tutorial : Acknowledge OK - command LoadFile (2025-04-15 12:02:51.438)
  TRACE: /Tutorial : Executing command LoadFile (2025-04-15 12:02:51.439)
  INFO: /Tutorial : Loading initial condition file "KSpiceTutorial Model". (2025-04-15 12:02:51.439)
  TRACE: /Tutorial/ProcessModel : Executing command LoadFile (2025-04-15 12:02:51.440)
  TRACE: /Tutorial/ProcessModel : Acknowledge OK - command LoadFile (2025-04-15 12:02:51.567)
  TRACE: /Tutorial : Executing command SetTime (2025-04-15 12:02:51.568)
  TRACE: /Tutorial/ProcessModel : Executing command SetTime (2025-04-15 12:02:51.569)
  TRACE: /Tutorial/ProcessModel : Acknowledge OK - command SetTime (2025-04-15 12:02:51.586)
  TRACE: /Tutorial : Executing command Speed (2025-04-15 12:02:51.587)
  TRACE: /Tutorial/ProcessModel : Executing command Speed (2025-04-15 12:02:51.587)
  TRACE: /Tutorial/ProcessModel : Acknowledge OK - command Speed (2025-04-15 12:02:51.588)
  TRACE: /Tutorial : Acknowledge OK - command Speed (2025-04-15 12:02:51.589)
  TRACE: /Tutorial : Acknowledge OK - command SetTime (2025-04-15 12:02:51.590)
  TRACE: /Tutorial : Executing command CreateSubscriptions (2025-04-15 12:02:51.590)
  TRACE: /Tutorial/ProcessModel : Executing command CreateSubscriptions (2025-04-15 12:02:51.590)
  TRACE: /Tutorial/ProcessModel : Acknowledge OK - command CreateSubscriptions (2025-04-15 12:02:51.591)
  TRACE: /Tutorial : Acknowledge OK - command CreateSubscriptions (2025-04-15 12:02:51.592)
  TRACE: /Tutorial : Acknowledge OK - command LoadFile (2025-04-15 12:02:51.592)
  TRACE: /Tutorial : Executing command Initialize (2025-04-15 12:02:51.593)
  TRACE: /Tutorial/ProcessModel : Executing command Initialize (2025-04-15 12:02:51.593)
  TRACE: /Tutorial/ProcessModel : Acknowledge OK - command Initialize (2025-04-15 12:02:52.600)
  TRACE: /Tutorial : Acknowledge OK - command Initialize (2025-04-15 12:02:52.601)
  TRACE: /Tutorial : Executing command Run (2025-04-15 12:02:52.602)
  TRACE: /Tutorial/ProcessModel : Executing command Run (2025-04-15 12:02:52.603)
  TRACE: /Tutorial/ProcessModel : Acknowledge OK - command Run (2025-04-15 12:02:52.604)
  TRACE: /Tutorial : Acknowledge OK - command Run (2025-04-15 12:02:52.605)
  TRACE: /Tutorial : Executing command Freeze (2025-04-15 12:03:08.035)
  TRACE: /Tutorial/ProcessModel : Executing command Freeze (2025-04-15 12:03:08.036)
  TRACE: /Tutorial/ProcessModel : Acknowledge OK - command Freeze (2025-04-15 12:03:08.037)
  TRACE: /Tutorial : Acknowledge OK - command Freeze (2025-04-15 12:03:08.037)
  TRACE: /Tutorial : Executing command Deactivate (2025-04-15 12:27:11.550)
  TRACE: /Tutorial/ProcessModel : Executing command Deactivate (2025-04-15 12:27:11.550)
  INFO: Partner application "/Tutorial/ProcessModel" disconnected. (2025-04-15 12:27:11.552)
  TRACE: /Tutorial/ProcessModel : Acknowledge OK - command Deactivate (2025-04-15 12:27:11.552)
  TRACE: /Tutorial : Acknowledge OK - command Deactivate (2025-04-15 12:27:11.553)
  TRACE: /Tutorial : Executing command Shutdown (2025-04-15 12:27:24.100)
  TRACE: /Tutorial : Acknowledge OK - command Shutdown (2025-04-15 12:27:24.100)
  TRACE: /Tutorial/ProcessModel : Executing command Deactivate (2025-04-15 12:27:24.101)
  TRACE: /Tutorial/ProcessModel : Acknowledge OK - command Deactivate (2025-04-15 12:27:24.101)
  INFO: Opened project : DemoProject (2025-04-25 16:37:09.310)
  INFO: Project directory : C:\K-Spice-Projects\DemoProject (2025-04-25 16:37:09.320)
  INFO: Partner application "/Explorers/Explorer_2" connected. (2025-04-25 16:37:09.415)
  TRACE: /Tutorial : Executing command Activate (2025-04-25 16:37:09.418)
  TRACE: /Tutorial/ProcessModel : Executing command Activate (2025-04-25 16:37:09.419)
  INFO: Partner application "/Explorers/Explorer_2" disconnected. (2025-04-25 16:37:09.447)
  INFO: Partner application "/Explorers/Explorer_5" connected. (2025-04-25 16:37:09.594)
  INFO: Partner application "/Tutorial/ProcessModel" connected. (2025-04-25 16:37:10.119)
  TRACE: /Tutorial/ProcessModel : Acknowledge OK - command Activate (2025-04-25 16:37:10.120)
  TRACE: /Tutorial : Acknowledge OK - command Activate (2025-04-25 16:37:10.120)
  TRACE: /Tutorial : Executing command UpdateUnits (2025-04-25 16:37:10.122)
  TRACE: /Tutorial/ProcessModel : Executing command UpdateUnits (2025-04-25 16:37:10.123)
  TRACE: /Tutorial/ProcessModel : Acknowledge OK - command UpdateUnits (2025-04-25 16:37:10.171)
  TRACE: /Tutorial : Acknowledge OK - command UpdateUnits (2025-04-25 16:37:10.171)
  TRACE: /Tutorial : Executing command SetExecutionMode (2025-04-25 16:37:10.172)
  TRACE: /Tutorial/ProcessModel : Executing command SetExecutionMode (2025-04-25 16:37:10.172)
  TRACE: /Tutorial/ProcessModel : Acknowledge OK - command SetExecutionMode (2025-04-25 16:37:10.173)
  TRACE: /Tutorial : Acknowledge OK - command SetExecutionMode (2025-04-25 16:37:10.173)
  TRACE: /Tutorial : Executing command LoadConfig (2025-04-25 16:37:10.174)
  INFO: /Tutorial : Loading model file "KSpiceTutorial Model". (2025-04-25 16:37:10.174)
  TRACE: /Tutorial/ProcessModel : Executing command LoadConfig (2025-04-25 16:37:10.175)
  TRACE: /Tutorial/ProcessModel : Acknowledge OK - command LoadConfig (2025-04-25 16:37:10.312)
  TRACE: /Tutorial : Executing command NamespaceRequest (2025-04-25 16:37:10.313)
  TRACE: /Tutorial/ProcessModel : Executing command NamespaceRequest (2025-04-25 16:37:10.314)
  TRACE: /Tutorial/ProcessModel : Acknowledge OK - command NamespaceRequest (2025-04-25 16:37:10.315)
  TRACE: /Tutorial : Acknowledge OK - command NamespaceRequest (2025-04-25 16:37:10.315)
  TRACE: /Tutorial : Executing command NamespaceReady (2025-04-25 16:37:10.316)
  TRACE: /Tutorial/ProcessModel : Executing command NamespaceReady (2025-04-25 16:37:10.316)
  TRACE: /Tutorial/ProcessModel : Acknowledge OK - command NamespaceReady (2025-04-25 16:37:10.317)
  TRACE: /Tutorial : Acknowledge OK - command NamespaceReady (2025-04-25 16:37:10.322)
  TRACE: /Tutorial : Acknowledge OK - command LoadConfig (2025-04-25 16:37:10.323)
  TRACE: /Tutorial : Executing command LoadFile (2025-04-25 16:37:10.323)
  INFO: /Tutorial : Loading parameter file "KSpiceTutorial Model". (2025-04-25 16:37:10.324)
  TRACE: /Tutorial/ProcessModel : Executing command LoadFile (2025-04-25 16:37:10.324)
  TRACE: /Tutorial/ProcessModel : Acknowledge OK - command LoadFile (2025-04-25 16:37:10.361)
  TRACE: /Tutorial : Acknowledge OK - command LoadFile (2025-04-25 16:37:10.361)
  TRACE: /Tutorial : Executing command LoadFile (2025-04-25 16:37:10.362)
  INFO: /Tutorial : Loading initial condition file "KSpiceTutorial Model". (2025-04-25 16:37:10.362)
  TRACE: /Tutorial/ProcessModel : Executing command LoadFile (2025-04-25 16:37:10.363)
  TRACE: /Tutorial/ProcessModel : Acknowledge OK - command LoadFile (2025-04-25 16:37:10.453)
  TRACE: /Tutorial : Executing command SetTime (2025-04-25 16:37:10.453)
  TRACE: /Tutorial/ProcessModel : Executing command SetTime (2025-04-25 16:37:10.454)
  TRACE: /Tutorial/ProcessModel : Acknowledge OK - command SetTime (2025-04-25 16:37:10.469)
  TRACE: /Tutorial : Executing command Speed (2025-04-25 16:37:10.469)
  TRACE: /Tutorial/ProcessModel : Executing command Speed (2025-04-25 16:37:10.470)
  TRACE: /Tutorial/ProcessModel : Acknowledge OK - command Speed (2025-04-25 16:37:10.471)
  TRACE: /Tutorial : Acknowledge OK - command Speed (2025-04-25 16:37:10.471)
  TRACE: /Tutorial : Acknowledge OK - command SetTime (2025-04-25 16:37:10.471)
  TRACE: /Tutorial : Executing command CreateSubscriptions (2025-04-25 16:37:10.472)
  TRACE: /Tutorial/ProcessModel : Executing command CreateSubscriptions (2025-04-25 16:37:10.472)
  TRACE: /Tutorial/ProcessModel : Acknowledge OK - command CreateSubscriptions (2025-04-25 16:37:10.473)
  TRACE: /Tutorial : Acknowledge OK - command CreateSubscriptions (2025-04-25 16:37:10.474)
  TRACE: /Tutorial : Acknowledge OK - command LoadFile (2025-04-25 16:37:10.474)
  TRACE: /Tutorial : Executing command Initialize (2025-04-25 16:37:10.474)
  TRACE: /Tutorial/ProcessModel : Executing command Initialize (2025-04-25 16:37:10.475)
  TRACE: /Tutorial/ProcessModel : Acknowledge OK - command Initialize (2025-04-25 16:37:11.061)
  TRACE: /Tutorial : Acknowledge OK - command Initialize (2025-04-25 16:37:11.061)
  TRACE: /Tutorial : Executing command Run (2025-04-25 16:37:11.062)
  TRACE: /Tutorial/ProcessModel : Executing command Run (2025-04-25 16:37:11.063)
  TRACE: /Tutorial/ProcessModel : Acknowledge OK - command Run (2025-04-25 16:37:11.063)
  TRACE: /Tutorial : Acknowledge OK - command Run (2025-04-25 16:37:11.064)
  TRACE: /Tutorial : Executing command Freeze (2025-04-25 16:37:56.681)
  TRACE: /Tutorial/ProcessModel : Executing command Freeze (2025-04-25 16:37:56.681)
  TRACE: /Tutorial/ProcessModel : Acknowledge OK - command Freeze (2025-04-25 16:37:56.682)
  TRACE: /Tutorial : Acknowledge OK - command Freeze (2025-04-25 16:37:56.682)
  TRACE: /Tutorial : Executing command Shutdown (2025-04-25 17:08:42.926)
  TRACE: /Tutorial : Executing command Deactivate (2025-04-25 17:08:42.927)
  TRACE: /Tutorial/ProcessModel : Executing command Deactivate (2025-04-25 17:08:42.927)
  INFO: Partner application "/Explorers/Explorer_5" disconnected. (2025-04-25 17:08:42.928)
  INFO: Partner application "/Tutorial/ProcessModel" disconnected. (2025-04-25 17:08:42.930)
  TRACE: /Tutorial/ProcessModel : Acknowledge OK - command Deactivate (2025-04-25 17:08:42.930)
  TRACE: /Tutorial : Acknowledge OK - command Deactivate (2025-04-25 17:08:42.930)
  TRACE: /Tutorial : Acknowledge OK - command Shutdown (2025-04-25 17:08:42.931)
  INFO: Terminated /Tutorial. (2025-04-25 17:08:42.932)
  TRACE: /Tutorial/ProcessModel : Executing command Deactivate (2025-04-25 17:08:42.932)
  TRACE: /Tutorial/ProcessModel : Acknowledge OK - command Deactivate (2025-04-25 17:08:42.934)
  INFO: Opened project : DemoProject (2025-04-28 15:17:06.687)
  INFO: Project directory : C:\K-Spice-Projects\DemoProject (2025-04-28 15:17:06.698)
  INFO: Partner application "/Explorers/Explorer_2" connected. (2025-04-28 15:17:06.801)
  TRACE: /Tutorial : Executing command Activate (2025-04-28 15:17:06.802)
  TRACE: /Tutorial/ProcessModel : Executing command Activate (2025-04-28 15:17:06.804)
  INFO: Partner application "/Explorers/Explorer_2" disconnected. (2025-04-28 15:17:06.845)
  INFO: Partner application "/Explorers/Explorer_5" connected. (2025-04-28 15:17:07.003)
  INFO: Partner application "/Tutorial/ProcessModel" connected. (2025-04-28 15:17:07.565)
  TRACE: /Tutorial/ProcessModel : Acknowledge OK - command Activate (2025-04-28 15:17:07.566)
  TRACE: /Tutorial : Acknowledge OK - command Activate (2025-04-28 15:17:07.567)
  TRACE: /Tutorial : Executing command UpdateUnits (2025-04-28 15:17:07.569)
  TRACE: /Tutorial/ProcessModel : Executing command UpdateUnits (2025-04-28 15:17:07.570)
  TRACE: /Tutorial/ProcessModel : Acknowledge OK - command UpdateUnits (2025-04-28 15:17:07.626)
  TRACE: /Tutorial : Acknowledge OK - command UpdateUnits (2025-04-28 15:17:07.627)
  TRACE: /Tutorial : Executing command SetExecutionMode (2025-04-28 15:17:07.627)
  TRACE: /Tutorial/ProcessModel : Executing command SetExecutionMode (2025-04-28 15:17:07.628)
  TRACE: /Tutorial/ProcessModel : Acknowledge OK - command SetExecutionMode (2025-04-28 15:17:07.628)
  TRACE: /Tutorial : Acknowledge OK - command SetExecutionMode (2025-04-28 15:17:07.629)
  TRACE: /Tutorial : Executing command LoadConfig (2025-04-28 15:17:07.632)
  INFO: /Tutorial : Loading model file "KSpiceTutorial Model". (2025-04-28 15:17:07.633)
  TRACE: /Tutorial/ProcessModel : Executing command LoadConfig (2025-04-28 15:17:07.633)
  TRACE: /Tutorial/ProcessModel : Acknowledge OK - command LoadConfig (2025-04-28 15:17:07.807)
  TRACE: /Tutorial : Executing command NamespaceRequest (2025-04-28 15:17:07.808)
  TRACE: /Tutorial/ProcessModel : Executing command NamespaceRequest (2025-04-28 15:17:07.808)
  TRACE: /Tutorial/ProcessModel : Acknowledge OK - command NamespaceRequest (2025-04-28 15:17:07.809)
  TRACE: /Tutorial : Acknowledge OK - command NamespaceRequest (2025-04-28 15:17:07.810)
  TRACE: /Tutorial : Executing command NamespaceReady (2025-04-28 15:17:07.810)
  TRACE: /Tutorial/ProcessModel : Executing command NamespaceReady (2025-04-28 15:17:07.811)
  TRACE: /Tutorial/ProcessModel : Acknowledge OK - command NamespaceReady (2025-04-28 15:17:07.811)
  TRACE: /Tutorial : Acknowledge OK - command NamespaceReady (2025-04-28 15:17:07.812)
  TRACE: /Tutorial : Acknowledge OK - command LoadConfig (2025-04-28 15:17:07.812)
  TRACE: /Tutorial : Executing command LoadFile (2025-04-28 15:17:07.813)
  INFO: /Tutorial : Loading parameter file "KSpiceTutorial Model". (2025-04-28 15:17:07.814)
  TRACE: /Tutorial/ProcessModel : Executing command LoadFile (2025-04-28 15:17:07.814)
  TRACE: /Tutorial/ProcessModel : Acknowledge OK - command LoadFile (2025-04-28 15:17:07.860)
  TRACE: /Tutorial : Acknowledge OK - command LoadFile (2025-04-28 15:17:07.861)
  TRACE: /Tutorial : Executing command LoadFile (2025-04-28 15:17:07.861)
  INFO: /Tutorial : Loading initial condition file "KSpiceTutorial Model". (2025-04-28 15:17:07.862)
  TRACE: /Tutorial/ProcessModel : Executing command LoadFile (2025-04-28 15:17:07.862)
  TRACE: /Tutorial/ProcessModel : Acknowledge OK - command LoadFile (2025-04-28 15:17:07.963)
  TRACE: /Tutorial : Executing command SetTime (2025-04-28 15:17:07.964)
  TRACE: /Tutorial/ProcessModel : Executing command SetTime (2025-04-28 15:17:07.964)
  TRACE: /Tutorial/ProcessModel : Acknowledge OK - command SetTime (2025-04-28 15:17:07.977)
  TRACE: /Tutorial : Executing command Speed (2025-04-28 15:17:07.978)
  TRACE: /Tutorial/ProcessModel : Executing command Speed (2025-04-28 15:17:07.979)
  TRACE: /Tutorial/ProcessModel : Acknowledge OK - command Speed (2025-04-28 15:17:07.980)
  TRACE: /Tutorial : Acknowledge OK - command Speed (2025-04-28 15:17:07.980)
  TRACE: /Tutorial : Acknowledge OK - command SetTime (2025-04-28 15:17:07.981)
  TRACE: /Tutorial : Executing command CreateSubscriptions (2025-04-28 15:17:07.981)
  TRACE: /Tutorial/ProcessModel : Executing command CreateSubscriptions (2025-04-28 15:17:07.982)
  TRACE: /Tutorial/ProcessModel : Acknowledge OK - command CreateSubscriptions (2025-04-28 15:17:07.982)
  TRACE: /Tutorial : Acknowledge OK - command CreateSubscriptions (2025-04-28 15:17:07.983)
  TRACE: /Tutorial : Acknowledge OK - command LoadFile (2025-04-28 15:17:07.983)
  TRACE: /Tutorial : Executing command Initialize (2025-04-28 15:17:07.983)
  TRACE: /Tutorial/ProcessModel : Executing command Initialize (2025-04-28 15:17:07.984)
  TRACE: /Tutorial/ProcessModel : Acknowledge OK - command Initialize (2025-04-28 15:17:08.618)
  TRACE: /Tutorial : Acknowledge OK - command Initialize (2025-04-28 15:17:08.618)
  TRACE: /Tutorial : Executing command Run (2025-04-28 15:17:08.619)
  TRACE: /Tutorial/ProcessModel : Executing command Run (2025-04-28 15:17:08.620)
  TRACE: /Tutorial/ProcessModel : Acknowledge OK - command Run (2025-04-28 15:17:08.621)
  TRACE: /Tutorial : Acknowledge OK - command Run (2025-04-28 15:17:08.621)
  TRACE: /Tutorial : Executing command Freeze (2025-04-28 15:27:27.442)
  TRACE: /Tutorial/ProcessModel : Executing command Freeze (2025-04-28 15:27:27.443)
  TRACE: /Tutorial/ProcessModel : Acknowledge OK - command Freeze (2025-04-28 15:27:27.444)
  TRACE: /Tutorial : Acknowledge OK - command Freeze (2025-04-28 15:27:27.444)
  TRACE: /Tutorial : Executing command NamespaceUpdate (2025-04-28 15:27:32.710)
  TRACE: /Tutorial : Acknowledge OK - command NamespaceUpdate (2025-04-28 15:27:32.711)
  TRACE: /Tutorial : Executing command NamespaceUpdate (2025-04-28 15:27:37.120)
  TRACE: /Tutorial : Acknowledge OK - command NamespaceUpdate (2025-04-28 15:27:37.121)
  INFO: Partner application "/Explorers/Explorer_6" connected. (2025-04-28 15:52:26.445)
  INFO: Partner application "/Explorers/Explorer_6" disconnected. (2025-04-28 15:52:26.489)
  INFO: Partner application "/Explorers/Explorer_7" connected. (2025-04-28 15:52:35.580)
  INFO: Partner application "/Explorers/Explorer_7" disconnected. (2025-04-28 15:52:50.817)
  TRACE: /Tutorial : Executing command Shutdown (2025-04-28 15:53:13.105)
  TRACE: /Tutorial : Executing command Deactivate (2025-04-28 15:53:13.106)
  TRACE: /Tutorial/ProcessModel : Executing command Deactivate (2025-04-28 15:53:13.106)
  INFO: Partner application "/Tutorial/ProcessModel" disconnected. (2025-04-28 15:53:13.108)
  TRACE: /Tutorial/ProcessModel : Acknowledge OK - command Deactivate (2025-04-28 15:53:13.109)
  TRACE: /Tutorial : Acknowledge OK - command Deactivate (2025-04-28 15:53:13.109)
  TRACE: /Tutorial : Acknowledge OK - command Shutdown (2025-04-28 15:53:13.110)
  INFO: Terminated /Tutorial. (2025-04-28 15:53:13.110)
  TRACE: /Tutorial/ProcessModel : Executing command Deactivate (2025-04-28 15:53:13.111)
  TRACE: /Tutorial/ProcessModel : Acknowledge OK - command Deactivate (2025-04-28 15:53:13.111)
  INFO: Opened project : DemoProject (2025-05-05 16:47:22.575)
  INFO: Project directory : C:\K-Spice-Projects\DemoProject (2025-05-05 16:47:22.597)
  TRACE: /Tutorial : Executing command Activate (2025-05-05 16:47:22.773)
  TRACE: /Tutorial/ProcessModel : Executing command Activate (2025-05-05 16:47:22.774)
  INFO: Partner application "/Explorers/Explorer_4" connected. (2025-05-05 16:47:22.954)
  INFO: Partner application "/Explorers/Explorer_4" disconnected. (2025-05-05 16:47:22.976)
  INFO: Partner application "/Explorers/Explorer_5" connected. (2025-05-05 16:47:23.156)
  INFO: Partner application "/Tutorial/ProcessModel" connected. (2025-05-05 16:47:23.577)
  TRACE: /Tutorial/ProcessModel : Acknowledge OK - command Activate (2025-05-05 16:47:23.578)
  TRACE: /Tutorial : Acknowledge OK - command Activate (2025-05-05 16:47:23.579)
  TRACE: /Tutorial : Executing command UpdateUnits (2025-05-05 16:47:23.580)
  TRACE: /Tutorial/ProcessModel : Executing command UpdateUnits (2025-05-05 16:47:23.581)
  TRACE: /Tutorial/ProcessModel : Acknowledge OK - command UpdateUnits (2025-05-05 16:47:23.636)
  TRACE: /Tutorial : Acknowledge OK - command UpdateUnits (2025-05-05 16:47:23.636)
  TRACE: /Tutorial : Executing command SetExecutionMode (2025-05-05 16:47:23.636)
  TRACE: /Tutorial/ProcessModel : Executing command SetExecutionMode (2025-05-05 16:47:23.637)
  TRACE: /Tutorial/ProcessModel : Acknowledge OK - command SetExecutionMode (2025-05-05 16:47:23.638)
  TRACE: /Tutorial : Acknowledge OK - command SetExecutionMode (2025-05-05 16:47:23.639)
  TRACE: /Tutorial : Executing command LoadConfig (2025-05-05 16:47:23.639)
  INFO: /Tutorial : Loading model file "KSpiceTutorial Model". (2025-05-05 16:47:23.639)
  TRACE: /Tutorial/ProcessModel : Executing command LoadConfig (2025-05-05 16:47:23.640)
  TRACE: /Tutorial/ProcessModel : Acknowledge OK - command LoadConfig (2025-05-05 16:47:23.800)
  TRACE: /Tutorial : Executing command NamespaceRequest (2025-05-05 16:47:23.801)
  TRACE: /Tutorial/ProcessModel : Executing command NamespaceRequest (2025-05-05 16:47:23.801)
  TRACE: /Tutorial/ProcessModel : Acknowledge OK - command NamespaceRequest (2025-05-05 16:47:23.802)
  TRACE: /Tutorial : Acknowledge OK - command NamespaceRequest (2025-05-05 16:47:23.802)
  TRACE: /Tutorial : Executing command NamespaceReady (2025-05-05 16:47:23.803)
  TRACE: /Tutorial/ProcessModel : Executing command NamespaceReady (2025-05-05 16:47:23.803)
  TRACE: /Tutorial/ProcessModel : Acknowledge OK - command NamespaceReady (2025-05-05 16:47:23.804)
  TRACE: /Tutorial : Acknowledge OK - command NamespaceReady (2025-05-05 16:47:23.804)
  TRACE: /Tutorial : Acknowledge OK - command LoadConfig (2025-05-05 16:47:23.805)
  TRACE: /Tutorial : Executing command LoadFile (2025-05-05 16:47:23.805)
  INFO: /Tutorial : Loading parameter file "KSpiceTutorial Model". (2025-05-05 16:47:23.806)
  TRACE: /Tutorial/ProcessModel : Executing command LoadFile (2025-05-05 16:47:23.806)
  TRACE: /Tutorial/ProcessModel : Acknowledge OK - command LoadFile (2025-05-05 16:47:23.844)
  TRACE: /Tutorial : Acknowledge OK - command LoadFile (2025-05-05 16:47:23.845)
  TRACE: /Tutorial : Executing command LoadFile (2025-05-05 16:47:23.845)
  INFO: /Tutorial : Loading initial condition file "KSpiceTutorial Model". (2025-05-05 16:47:23.846)
  TRACE: /Tutorial/ProcessModel : Executing command LoadFile (2025-05-05 16:47:23.847)
  TRACE: /Tutorial/ProcessModel : Acknowledge OK - command LoadFile (2025-05-05 16:47:23.940)
  TRACE: /Tutorial : Executing command SetTime (2025-05-05 16:47:23.941)
  TRACE: /Tutorial/ProcessModel : Executing command SetTime (2025-05-05 16:47:23.941)
  TRACE: /Tutorial/ProcessModel : Acknowledge OK - command SetTime (2025-05-05 16:47:23.955)
  TRACE: /Tutorial : Executing command Speed (2025-05-05 16:47:23.956)
  TRACE: /Tutorial/ProcessModel : Executing command Speed (2025-05-05 16:47:23.956)
  TRACE: /Tutorial/ProcessModel : Acknowledge OK - command Speed (2025-05-05 16:47:23.958)
  TRACE: /Tutorial : Acknowledge OK - command Speed (2025-05-05 16:47:23.958)
  TRACE: /Tutorial : Acknowledge OK - command SetTime (2025-05-05 16:47:23.959)
  TRACE: /Tutorial : Executing command CreateSubscriptions (2025-05-05 16:47:23.959)
  TRACE: /Tutorial/ProcessModel : Executing command CreateSubscriptions (2025-05-05 16:47:23.960)
  TRACE: /Tutorial/ProcessModel : Acknowledge OK - command CreateSubscriptions (2025-05-05 16:47:23.961)
  TRACE: /Tutorial : Acknowledge OK - command CreateSubscriptions (2025-05-05 16:47:23.962)
  TRACE: /Tutorial : Acknowledge OK - command LoadFile (2025-05-05 16:47:23.962)
  TRACE: /Tutorial : Executing command Initialize (2025-05-05 16:47:23.963)
  TRACE: /Tutorial/ProcessModel : Executing command Initialize (2025-05-05 16:47:23.964)
  TRACE: /Tutorial/ProcessModel : Acknowledge OK - command Initialize (2025-05-05 16:47:24.604)
  TRACE: /Tutorial : Acknowledge OK - command Initialize (2025-05-05 16:47:24.605)
  TRACE: /Tutorial : Executing command Run (2025-05-05 16:47:24.605)
  TRACE: /Tutorial/ProcessModel : Executing command Run (2025-05-05 16:47:24.606)
  TRACE: /Tutorial/ProcessModel : Acknowledge OK - command Run (2025-05-05 16:47:24.606)
  TRACE: /Tutorial : Acknowledge OK - command Run (2025-05-05 16:47:24.607)
  TRACE: /Tutorial : Executing command Freeze (2025-05-06 10:51:27.092)
  TRACE: /Tutorial/ProcessModel : Executing command Freeze (2025-05-06 10:51:27.100)
  TRACE: /Tutorial/ProcessModel : Acknowledge OK - command Freeze (2025-05-06 10:51:27.193)
  TRACE: /Tutorial : Acknowledge OK - command Freeze (2025-05-06 10:51:27.194)
  TRACE: /Tutorial : Executing command Deactivate (2025-05-06 10:51:37.967)
  TRACE: /Tutorial/ProcessModel : Executing command Deactivate (2025-05-06 10:51:37.967)
  INFO: Partner application "/Tutorial/ProcessModel" disconnected. (2025-05-06 10:51:37.973)
  TRACE: /Tutorial/ProcessModel : Acknowledge OK - command Deactivate (2025-05-06 10:51:37.973)
  TRACE: /Tutorial : Acknowledge OK - command Deactivate (2025-05-06 10:51:37.974)
  TRACE: /Tutorial : Executing command Shutdown (2025-05-06 10:51:48.211)
  TRACE: /Tutorial : Acknowledge OK - command Shutdown (2025-05-06 10:51:48.211)
  TRACE: /Tutorial/ProcessModel : Executing command Deactivate (2025-05-06 10:51:48.212)
  TRACE: /Tutorial/ProcessModel : Acknowledge OK - command Deactivate (2025-05-06 10:51:48.213)
  INFO: Opened project : DemoProject (2025-05-22 09:55:58.906)
  INFO: Project directory : C:\K-Spice-Projects\DemoProject (2025-05-22 09:55:58.928)
  TRACE: /Tutorial : Executing command Activate (2025-05-22 09:55:59.040)
  TRACE: /Tutorial/ProcessModel : Executing command Activate (2025-05-22 09:55:59.040)
  INFO: Partner application "/Explorers/Explorer_4" connected. (2025-05-22 09:55:59.282)
  INFO: Partner application "/Explorers/Explorer_4" disconnected. (2025-05-22 09:55:59.306)
  INFO: Partner application "/Explorers/Explorer_5" connected. (2025-05-22 09:55:59.485)
  INFO: Partner application "/Tutorial/ProcessModel" connected. (2025-05-22 09:55:59.982)
  TRACE: /Tutorial/ProcessModel : Acknowledge OK - command Activate (2025-05-22 09:55:59.983)
  TRACE: /Tutorial : Acknowledge OK - command Activate (2025-05-22 09:55:59.983)
  TRACE: /Tutorial : Executing command UpdateUnits (2025-05-22 09:55:59.986)
  TRACE: /Tutorial/ProcessModel : Executing command UpdateUnits (2025-05-22 09:55:59.987)
  TRACE: /Tutorial/ProcessModel : Acknowledge OK - command UpdateUnits (2025-05-22 09:56:00.042)
  TRACE: /Tutorial : Acknowledge OK - command UpdateUnits (2025-05-22 09:56:00.043)
  TRACE: /Tutorial : Executing command SetExecutionMode (2025-05-22 09:56:00.043)
  TRACE: /Tutorial/ProcessModel : Executing command SetExecutionMode (2025-05-22 09:56:00.044)
  TRACE: /Tutorial/ProcessModel : Acknowledge OK - command SetExecutionMode (2025-05-22 09:56:00.045)
  TRACE: /Tutorial : Acknowledge OK - command SetExecutionMode (2025-05-22 09:56:00.045)
  TRACE: /Tutorial : Executing command LoadConfig (2025-05-22 09:56:00.045)
  INFO: /Tutorial : Loading model file "KSpiceTutorial Model". (2025-05-22 09:56:00.046)
  TRACE: /Tutorial/ProcessModel : Executing command LoadConfig (2025-05-22 09:56:00.046)
  TRACE: /Tutorial/ProcessModel : Acknowledge OK - command LoadConfig (2025-05-22 09:56:00.202)
  TRACE: /Tutorial : Executing command NamespaceRequest (2025-05-22 09:56:00.203)
  TRACE: /Tutorial/ProcessModel : Executing command NamespaceRequest (2025-05-22 09:56:00.203)
  TRACE: /Tutorial/ProcessModel : Acknowledge OK - command NamespaceRequest (2025-05-22 09:56:00.204)
  TRACE: /Tutorial : Acknowledge OK - command NamespaceRequest (2025-05-22 09:56:00.205)
  TRACE: /Tutorial : Executing command NamespaceReady (2025-05-22 09:56:00.205)
  TRACE: /Tutorial/ProcessModel : Executing command NamespaceReady (2025-05-22 09:56:00.206)
  TRACE: /Tutorial/ProcessModel : Acknowledge OK - command NamespaceReady (2025-05-22 09:56:00.207)
  TRACE: /Tutorial : Acknowledge OK - command NamespaceReady (2025-05-22 09:56:00.207)
  TRACE: /Tutorial : Acknowledge OK - command LoadConfig (2025-05-22 09:56:00.208)
  TRACE: /Tutorial : Executing command LoadFile (2025-05-22 09:56:00.208)
  INFO: /Tutorial : Loading parameter file "KSpiceTutorial Model". (2025-05-22 09:56:00.209)
  TRACE: /Tutorial/ProcessModel : Executing command LoadFile (2025-05-22 09:56:00.209)
  TRACE: /Tutorial/ProcessModel : Acknowledge OK - command LoadFile (2025-05-22 09:56:00.247)
  TRACE: /Tutorial : Acknowledge OK - command LoadFile (2025-05-22 09:56:00.247)
  TRACE: /Tutorial : Executing command LoadFile (2025-05-22 09:56:00.247)
  INFO: /Tutorial : Loading initial condition file "KSpiceTutorial Model". (2025-05-22 09:56:00.248)
  TRACE: /Tutorial/ProcessModel : Executing command LoadFile (2025-05-22 09:56:00.248)
  TRACE: /Tutorial/ProcessModel : Acknowledge OK - command LoadFile (2025-05-22 09:56:00.349)
  TRACE: /Tutorial : Executing command SetTime (2025-05-22 09:56:00.349)
  TRACE: /Tutorial/ProcessModel : Executing command SetTime (2025-05-22 09:56:00.350)
  TRACE: /Tutorial/ProcessModel : Acknowledge OK - command SetTime (2025-05-22 09:56:00.363)
  TRACE: /Tutorial : Executing command Speed (2025-05-22 09:56:00.364)
  TRACE: /Tutorial/ProcessModel : Executing command Speed (2025-05-22 09:56:00.364)
  TRACE: /Tutorial/ProcessModel : Acknowledge OK - command Speed (2025-05-22 09:56:00.365)
  TRACE: /Tutorial : Acknowledge OK - command Speed (2025-05-22 09:56:00.366)
  TRACE: /Tutorial : Acknowledge OK - command SetTime (2025-05-22 09:56:00.366)
  TRACE: /Tutorial : Executing command CreateSubscriptions (2025-05-22 09:56:00.367)
  TRACE: /Tutorial/ProcessModel : Executing command CreateSubscriptions (2025-05-22 09:56:00.368)
  TRACE: /Tutorial/ProcessModel : Acknowledge OK - command CreateSubscriptions (2025-05-22 09:56:00.368)
  TRACE: /Tutorial : Acknowledge OK - command CreateSubscriptions (2025-05-22 09:56:00.369)
  TRACE: /Tutorial : Acknowledge OK - command LoadFile (2025-05-22 09:56:00.369)
  TRACE: /Tutorial : Executing command Initialize (2025-05-22 09:56:00.370)
  TRACE: /Tutorial/ProcessModel : Executing command Initialize (2025-05-22 09:56:00.370)
  TRACE: /Tutorial/ProcessModel : Acknowledge OK - command Initialize (2025-05-22 09:56:01.031)
  TRACE: /Tutorial : Acknowledge OK - command Initialize (2025-05-22 09:56:01.032)
  TRACE: /Tutorial : Executing command Run (2025-05-22 09:56:01.032)
  TRACE: /Tutorial/ProcessModel : Executing command Run (2025-05-22 09:56:01.033)
  TRACE: /Tutorial/ProcessModel : Acknowledge OK - command Run (2025-05-22 09:56:01.033)
  TRACE: /Tutorial : Acknowledge OK - command Run (2025-05-22 09:56:01.034)
  TRACE: /Tutorial : Executing command Freeze (2025-05-22 12:59:09.647)
  TRACE: /Tutorial/ProcessModel : Executing command Freeze (2025-05-22 12:59:09.649)
  TRACE: /Tutorial/ProcessModel : Acknowledge OK - command Freeze (2025-05-22 12:59:09.650)
  TRACE: /Tutorial : Acknowledge OK - command Freeze (2025-05-22 12:59:09.651)
  INFO: Partner application "/Explorers/Explorer_5" disconnected. (2025-05-22 13:31:03.914)
  TRACE: /Tutorial : Executing command Shutdown (2025-05-22 13:31:03.914)
  TRACE: /Tutorial : Executing command Deactivate (2025-05-22 13:31:03.915)
  TRACE: /Tutorial/ProcessModel : Executing command Deactivate (2025-05-22 13:31:03.915)
  INFO: Partner application "/Tutorial/ProcessModel" disconnected. (2025-05-22 13:31:03.917)
  TRACE: /Tutorial/ProcessModel : Acknowledge OK - command Deactivate (2025-05-22 13:31:03.918)
  TRACE: /Tutorial : Acknowledge OK - command Deactivate (2025-05-22 13:31:03.919)
  TRACE: /Tutorial : Acknowledge OK - command Shutdown (2025-05-22 13:31:03.920)
  INFO: Terminated /Tutorial. (2025-05-22 13:31:03.921)
  TRACE: /Tutorial/ProcessModel : Executing command Deactivate (2025-05-22 13:31:03.923)
  TRACE: /Tutorial/ProcessModel : Acknowledge OK - command Deactivate (2025-05-22 13:31:03.924)
